Mplus VERSION 8.8 (Mac)
MUTHEN & MUTHEN
10/12/2022   6:09 PM

INPUT INSTRUCTIONS

  TITLE:
  lgcm
  DATA:
  FILE = "naive_ecda269d32af88ddbc5bb10bc8e48ece.dat";

  VARIABLE:
  NAMES = Y1 Y2 Y3 Y4 Y5 M1 M2 M3 M4 M5 X Z;
   MISSING=.;

  ANALYSIS:
  MODEL = NOCOVARIANCES;
    ESTIMATOR = BAYES;
    POINT = MEAN;
  THIN = 2;
  CHAINS = 2;
  PROCESS = 2;
    ALGORITHM = GIBBS;
    BITERATIONS = 10000;

  MODEL:
  IM by M1@1
  M2@1
  M3@1
  M4@1
  M5@1;
  SM by M1@0
  M2@1
  M3@2
  M4@3
  M5@4;
  IY by Y1@1
  Y2@1
  Y3@1
  Y4@1
  Y5@1;
  SY by Y1@-4
  Y2@-3
  Y3@-2
  Y4@-1
  Y5@0;
  [M1-M5@0]
  ;[Y1-Y5@0]
  ;! created within-person centered residual;
  eM1 by M1@1;
  eM2 by M2@1;
  eM3 by M3@1;
  eM4 by M4@1;
  eM5 by M5@1;
  eY1 by Y1@1;
  eY2 by Y2@1;
  eY3 by Y3@1;
  eY4 by Y4@1;
  eY5 by Y5@1;
  M1-M5@0;
  Y1-Y5@0;
  !user-specified within-person residual covariance structure;
  eM1-eM5; eY1-eY5 (sigma_eY);
  [IM SM] (a0_IM a0_SM);
  [IY SY] (b0_IY b0_SY);
  IM on X (aIM_X);
  SM on X (aSM_X);
  IY on X IM SM (bIY_X bIY_IM bIY_SM);
  SY on X IM SM (bSY_X bSY_IM bSY_SM);
  IM (revarIM);
  SM (revarSM);
  IM with SM (IMwSM);
  IY (revarIY);
  SY (revarSY);
  IY with SY (IYwSY);
  IY SY with IM@0 SM@0;
  IM SM on Z;
  IY SY on Z;
  IM SM on ;
  IY SY on ;

  MODEL CONSTRAINT:
  NEW (X_IM_IY, X_SM_IY, X_IM_SY, X_SM_SY  );
  X_IM_IY = aIM_X*bIY_IM;
  X_SM_IY = aSM_X*bIY_SM;
  X_IM_SY = aIM_X*bSY_IM;
  X_SM_SY = aSM_X*bSY_SM;

  OUTPUT:
  TECH1 TECH3 TECH4 TECH8;




INPUT READING TERMINATED NORMALLY




lgcm

SUMMARY OF ANALYSIS

Number of groups                                                 1
Number of observations                                         200

Number of dependent variables                                   10
Number of independent variables                                  2
Number of continuous latent variables                           14

Observed dependent variables

  Continuous
   Y1          Y2          Y3          Y4          Y5          M1
   M2          M3          M4          M5

Observed independent variables
   X           Z

Continuous latent variables
   IM          SM          IY          SY          EM1         EM2
   EM3         EM4         EM5         EY1         EY2         EY3
   EY4         EY5


Estimator                                                    BAYES
Specifications for Bayesian Estimation
  Point estimate                                              MEAN
  Number of Markov chain Monte Carlo (MCMC) chains               2
  Random seed for the first chain                                0
  Starting value information                           UNPERTURBED
  Algorithm used for Markov chain Monte Carlo           GIBBS(PX1)
  Convergence criterion                                  0.500D-01
  Maximum number of iterations                               10000
  K-th iteration used for thinning                               2

Input data file(s)
  naive_ecda269d32af88ddbc5bb10bc8e48ece.dat
Input data format  FREE


SUMMARY OF DATA



COVARIANCE COVERAGE OF DATA

Minimum covariance coverage value   0.100

     Number of missing data patterns             1


     PROPORTION OF DATA PRESENT


           Covariance Coverage
              Y1            Y2            Y3            Y4            Y5
              ________      ________      ________      ________      ________
 Y1             1.000
 Y2             1.000         1.000
 Y3             1.000         1.000         1.000
 Y4             1.000         1.000         1.000         1.000
 Y5             1.000         1.000         1.000         1.000         1.000
 M1             1.000         1.000         1.000         1.000         1.000
 M2             1.000         1.000         1.000         1.000         1.000
 M3             1.000         1.000         1.000         1.000         1.000
 M4             1.000         1.000         1.000         1.000         1.000
 M5             1.000         1.000         1.000         1.000         1.000
 X              1.000         1.000         1.000         1.000         1.000
 Z              1.000         1.000         1.000         1.000         1.000


           Covariance Coverage
              M1            M2            M3            M4            M5
              ________      ________      ________      ________      ________
 M1             1.000
 M2             1.000         1.000
 M3             1.000         1.000         1.000
 M4             1.000         1.000         1.000         1.000
 M5             1.000         1.000         1.000         1.000         1.000
 X              1.000         1.000         1.000         1.000         1.000
 Z              1.000         1.000         1.000         1.000         1.000


           Covariance Coverage
              X             Z
              ________      ________
 X              1.000
 Z              1.000         1.000



UNIVARIATE SAMPLE STATISTICS


     UNIVARIATE HIGHER-ORDER MOMENT DESCRIPTIVE STATISTICS

         Variable/         Mean/     Skewness/   Minimum/ % with                Percentiles
        Sample Size      Variance    Kurtosis    Maximum  Min/Max      20%/60%    40%/80%    Median

     Y1                    0.034       0.247     -10.481    0.50%      -3.364     -1.012     -0.236
             200.000      15.656       0.275      12.456    0.50%       0.533      3.330
     Y2                   -0.070       0.099      -7.323    0.50%      -2.239     -0.893     -0.254
             200.000       8.044      -0.050       8.344    0.50%       0.547      2.404
     Y3                    0.059       0.086      -4.957    0.50%      -1.601     -0.546     -0.101
             200.000       4.304      -0.047       5.797    0.50%       0.490      1.792
     Y4                    0.041       0.145      -3.682    0.50%      -1.249     -0.339     -0.014
             200.000       2.226      -0.028       4.941    0.50%       0.269      1.499
     Y5                    0.069      -0.422      -3.951    0.50%      -0.978     -0.257      0.187
             200.000       1.776       0.231       3.635    0.50%       0.548      1.198
     M1                    0.003       0.035      -3.658    0.50%      -1.182     -0.422     -0.055
             200.000       1.822      -0.399       3.906    0.50%       0.326      1.188
     M2                   -0.158       0.005      -4.442    0.50%      -1.876     -0.813     -0.213
             200.000       3.447      -0.504       5.054    0.50%       0.420      1.544
     M3                    0.013       0.067      -6.316    0.50%      -2.321     -0.754      0.001
             200.000       6.760      -0.518       6.114    0.50%       0.594      2.327
     M4                    0.080      -0.121      -7.341    0.50%      -3.348     -0.444      0.462
             200.000      12.012      -0.520       8.317    0.50%       1.000      3.098
     M5                    0.016      -0.078     -11.472    0.50%      -4.150     -0.904      0.344
             200.000      19.175      -0.448      10.359    0.50%       1.270      3.508
     X                    -0.011       0.088      -2.149    0.50%      -0.869     -0.289     -0.096
             200.000       0.865      -0.447       2.132    0.50%       0.252      0.798
     Z                    -0.028      -0.097      -2.986    0.50%      -0.878     -0.226     -0.030
             200.000       0.951       0.279       2.594    0.50%       0.150      0.730


THE MODEL ESTIMATION TERMINATED NORMALLY

     USE THE FBITERATIONS OPTION TO INCREASE THE NUMBER OF ITERATIONS BY A FACTOR
     OF AT LEAST TWO TO CHECK CONVERGENCE AND THAT THE PSR VALUE DOES NOT INCREASE.



MODEL FIT INFORMATION

Number of Free Parameters                              28

Bayesian Posterior Predictive Checking using Chi-Square

          95% Confidence Interval for the Difference Between
          the Observed and the Replicated Chi-Square Values

                                -19.647            22.017

          Posterior Predictive P-Value              0.417

Information Criteria

          Deviance (DIC)                         7160.792
          Estimated Number of Parameters (pD)      25.221
          Bayesian (BIC)                         7258.704

RMSEA (Root Mean Square Error Of Approximation)

          Estimate                           0.024
          90 Percent C.I.                    0.000  0.035
          Probability RMSEA <= .05           1.000

CFI/TLI

          CFI                                0.996
          90 Percent C.I.                    0.990  1.000

          TLI                                0.996
          90 Percent C.I.                    0.989  1.000



MODEL RESULTS

                                Posterior  One-Tailed         95% C.I.
                    Estimate       S.D.      P-Value   Lower 2.5%  Upper 2.5%  Significance

 IM       BY
    M1                 1.000       0.000      0.000       1.000       1.000
    M2                 1.000       0.000      0.000       1.000       1.000
    M3                 1.000       0.000      0.000       1.000       1.000
    M4                 1.000       0.000      0.000       1.000       1.000
    M5                 1.000       0.000      0.000       1.000       1.000

 SM       BY
    M1                 0.000       0.000      1.000       0.000       0.000
    M2                 1.000       0.000      0.000       1.000       1.000
    M3                 2.000       0.000      0.000       2.000       2.000
    M4                 3.000       0.000      0.000       3.000       3.000
    M5                 4.000       0.000      0.000       4.000       4.000

 IY       BY
    Y1                 1.000       0.000      0.000       1.000       1.000
    Y2                 1.000       0.000      0.000       1.000       1.000
    Y3                 1.000       0.000      0.000       1.000       1.000
    Y4                 1.000       0.000      0.000       1.000       1.000
    Y5                 1.000       0.000      0.000       1.000       1.000

 SY       BY
    Y1                -4.000       0.000      0.000      -4.000      -4.000
    Y2                -3.000       0.000      0.000      -3.000      -3.000
    Y3                -2.000       0.000      0.000      -2.000      -2.000
    Y4                -1.000       0.000      0.000      -1.000      -1.000
    Y5                 0.000       0.000      1.000       0.000       0.000

 EM1      BY
    M1                 1.000       0.000      0.000       1.000       1.000

 EM2      BY
    M2                 1.000       0.000      0.000       1.000       1.000

 EM3      BY
    M3                 1.000       0.000      0.000       1.000       1.000

 EM4      BY
    M4                 1.000       0.000      0.000       1.000       1.000

 EM5      BY
    M5                 1.000       0.000      0.000       1.000       1.000

 EY1      BY
    Y1                 1.000       0.000      0.000       1.000       1.000

 EY2      BY
    Y2                 1.000       0.000      0.000       1.000       1.000

 EY3      BY
    Y3                 1.000       0.000      0.000       1.000       1.000

 EY4      BY
    Y4                 1.000       0.000      0.000       1.000       1.000

 EY5      BY
    Y5                 1.000       0.000      0.000       1.000       1.000

 IY         ON
    IM                 0.084       0.111      0.240      -0.151       0.282
    SM                 0.254       0.127      0.020       0.032       0.502      *

 SY         ON
    IM                 0.342       0.102      0.000       0.137       0.520      *
    SM                 0.186       0.099      0.000       0.029       0.371      *

 IM         ON
    X                  0.431       0.095      0.000       0.241       0.661      *
    Z                  0.064       0.087      0.250      -0.082       0.244

 SM         ON
    X                  0.600       0.062      0.000       0.493       0.719      *
    Z                  0.219       0.060      0.000       0.106       0.352      *

 IY         ON
    X                  0.071       0.114      0.290      -0.155       0.296
    Z                  0.109       0.084      0.120      -0.053       0.253

 SY         ON
    X                  0.132       0.097      0.080      -0.057       0.358
    Z                  0.163       0.073      0.010       0.025       0.307      *

 IM       WITH
    SM                 0.077       0.074      0.150      -0.063       0.227
    IY                 0.000       0.000      1.000       0.000       0.000
    SY                 0.000       0.000      1.000       0.000       0.000

 IY       WITH
    SY                 0.208       0.083      0.010       0.058       0.351      *
    SM                 0.000       0.000      1.000       0.000       0.000

 SY       WITH
    SM                 0.000       0.000      1.000       0.000       0.000

 Intercepts
    Y1                 0.000       0.000      1.000       0.000       0.000
    Y2                 0.000       0.000      1.000       0.000       0.000
    Y3                 0.000       0.000      1.000       0.000       0.000
    Y4                 0.000       0.000      1.000       0.000       0.000
    Y5                 0.000       0.000      1.000       0.000       0.000
    M1                 0.000       0.000      1.000       0.000       0.000
    M2                 0.000       0.000      1.000       0.000       0.000
    M3                 0.000       0.000      1.000       0.000       0.000
    M4                 0.000       0.000      1.000       0.000       0.000
    M5                 0.000       0.000      1.000       0.000       0.000
    IM                -0.041       0.071      0.260      -0.162       0.097
    SM                 0.031       0.055      0.280      -0.086       0.120
    IY                 0.080       0.082      0.170      -0.097       0.249
    SY                 0.038       0.072      0.310      -0.095       0.190

 Variances
    EM1                0.990       0.137      0.000       0.750       1.283      *
    EM2                1.030       0.125      0.000       0.827       1.285      *
    EM3                0.934       0.107      0.000       0.777       1.141      *
    EM4                1.133       0.148      0.000       0.874       1.463      *
    EM5                0.486       0.168      0.000       0.205       0.810      *
    EY1                0.995       0.055      0.000       0.908       1.106      *
    EY2                0.995       0.055      0.000       0.908       1.106      *
    EY3                0.995       0.055      0.000       0.908       1.106      *
    EY4                0.995       0.055      0.000       0.908       1.106      *
    EY5                0.995       0.055      0.000       0.908       1.106      *

 Residual Variances
    Y1                 0.001       0.000      0.000       0.001       0.001
    Y2                 0.001       0.000      0.000       0.001       0.001
    Y3                 0.001       0.000      0.000       0.001       0.001
    Y4                 0.001       0.000      0.000       0.001       0.001
    Y5                 0.001       0.000      0.000       0.001       0.001
    M1                 0.001       0.000      0.000       0.001       0.001
    M2                 0.001       0.000      0.000       0.001       0.001
    M3                 0.001       0.000      0.000       0.001       0.001
    M4                 0.001       0.000      0.000       0.001       0.001
    M5                 0.001       0.000      0.000       0.001       0.001
    IM                 0.752       0.138      0.000       0.549       1.035      *
    SM                 0.607       0.074      0.000       0.485       0.767      *
    IY                 0.737       0.120      0.000       0.503       0.981      *
    SY                 0.746       0.092      0.000       0.560       0.921      *

New/Additional Parameters
    X_IM_IY            0.036       0.047      0.240      -0.059       0.117
    X_SM_IY            0.151       0.075      0.020       0.018       0.303      *
    X_IM_SY            0.145       0.049      0.000       0.062       0.262      *
    X_SM_SY            0.110       0.059      0.000       0.018       0.235      *


TECHNICAL 1 OUTPUT


     PARAMETER SPECIFICATION


           NU
              Y1            Y2            Y3            Y4            Y5
              ________      ________      ________      ________      ________
                    0             0             0             0             0


           NU
              M1            M2            M3            M4            M5
              ________      ________      ________      ________      ________
                    0             0             0             0             0


           NU
              X             Z
              ________      ________
                    0             0


           LAMBDA
              IM            SM            IY            SY            EM1
              ________      ________      ________      ________      ________
 Y1                 0             0             0             0             0
 Y2                 0             0             0             0             0
 Y3                 0             0             0             0             0
 Y4                 0             0             0             0             0
 Y5                 0             0             0             0             0
 M1                 0             0             0             0             0
 M2                 0             0             0             0             0
 M3                 0             0             0             0             0
 M4                 0             0             0             0             0
 M5                 0             0             0             0             0
 X                  0             0             0             0             0
 Z                  0             0             0             0             0


           LAMBDA
              EM2           EM3           EM4           EM5           EY1
              ________      ________      ________      ________      ________
 Y1                 0             0             0             0             0
 Y2                 0             0             0             0             0
 Y3                 0             0             0             0             0
 Y4                 0             0             0             0             0
 Y5                 0             0             0             0             0
 M1                 0             0             0             0             0
 M2                 0             0             0             0             0
 M3                 0             0             0             0             0
 M4                 0             0             0             0             0
 M5                 0             0             0             0             0
 X                  0             0             0             0             0
 Z                  0             0             0             0             0


           LAMBDA
              EY2           EY3           EY4           EY5           X
              ________      ________      ________      ________      ________
 Y1                 0             0             0             0             0
 Y2                 0             0             0             0             0
 Y3                 0             0             0             0             0
 Y4                 0             0             0             0             0
 Y5                 0             0             0             0             0
 M1                 0             0             0             0             0
 M2                 0             0             0             0             0
 M3                 0             0             0             0             0
 M4                 0             0             0             0             0
 M5                 0             0             0             0             0
 X                  0             0             0             0             0
 Z                  0             0             0             0             0


           LAMBDA
              Z
              ________
 Y1                 0
 Y2                 0
 Y3                 0
 Y4                 0
 Y5                 0
 M1                 0
 M2                 0
 M3                 0
 M4                 0
 M5                 0
 X                  0
 Z                  0


           THETA
              Y1            Y2            Y3            Y4            Y5
              ________      ________      ________      ________      ________
 Y1                 0
 Y2                 0             0
 Y3                 0             0             0
 Y4                 0             0             0             0
 Y5                 0             0             0             0             0
 M1                 0             0             0             0             0
 M2                 0             0             0             0             0
 M3                 0             0             0             0             0
 M4                 0             0             0             0             0
 M5                 0             0             0             0             0
 X                  0             0             0             0             0
 Z                  0             0             0             0             0


           THETA
              M1            M2            M3            M4            M5
              ________      ________      ________      ________      ________
 M1                 0
 M2                 0             0
 M3                 0             0             0
 M4                 0             0             0             0
 M5                 0             0             0             0             0
 X                  0             0             0             0             0
 Z                  0             0             0             0             0


           THETA
              X             Z
              ________      ________
 X                  0
 Z                  0             0


           ALPHA
              IM            SM            IY            SY            EM1
              ________      ________      ________      ________      ________
                    1             2             3             4             0


           ALPHA
              EM2           EM3           EM4           EM5           EY1
              ________      ________      ________      ________      ________
                    0             0             0             0             0


           ALPHA
              EY2           EY3           EY4           EY5           X
              ________      ________      ________      ________      ________
                    0             0             0             0             0


           ALPHA
              Z
              ________
                    0


           BETA
              IM            SM            IY            SY            EM1
              ________      ________      ________      ________      ________
 IM                 0             0             0             0             0
 SM                 0             0             0             0             0
 IY                 9            10             0             0             0
 SY                13            14             0             0             0
 EM1                0             0             0             0             0
 EM2                0             0             0             0             0
 EM3                0             0             0             0             0
 EM4                0             0             0             0             0
 EM5                0             0             0             0             0
 EY1                0             0             0             0             0
 EY2                0             0             0             0             0
 EY3                0             0             0             0             0
 EY4                0             0             0             0             0
 EY5                0             0             0             0             0
 X                  0             0             0             0             0
 Z                  0             0             0             0             0


           BETA
              EM2           EM3           EM4           EM5           EY1
              ________      ________      ________      ________      ________
 IM                 0             0             0             0             0
 SM                 0             0             0             0             0
 IY                 0             0             0             0             0
 SY                 0             0             0             0             0
 EM1                0             0             0             0             0
 EM2                0             0             0             0             0
 EM3                0             0             0             0             0
 EM4                0             0             0             0             0
 EM5                0             0             0             0             0
 EY1                0             0             0             0             0
 EY2                0             0             0             0             0
 EY3                0             0             0             0             0
 EY4                0             0             0             0             0
 EY5                0             0             0             0             0
 X                  0             0             0             0             0
 Z                  0             0             0             0             0


           BETA
              EY2           EY3           EY4           EY5           X
              ________      ________      ________      ________      ________
 IM                 0             0             0             0             5
 SM                 0             0             0             0             7
 IY                 0             0             0             0            11
 SY                 0             0             0             0            15
 EM1                0             0             0             0             0
 EM2                0             0             0             0             0
 EM3                0             0             0             0             0
 EM4                0             0             0             0             0
 EM5                0             0             0             0             0
 EY1                0             0             0             0             0
 EY2                0             0             0             0             0
 EY3                0             0             0             0             0
 EY4                0             0             0             0             0
 EY5                0             0             0             0             0
 X                  0             0             0             0             0
 Z                  0             0             0             0             0


           BETA
              Z
              ________
 IM                 6
 SM                 8
 IY                12
 SY                16
 EM1                0
 EM2                0
 EM3                0
 EM4                0
 EM5                0
 EY1                0
 EY2                0
 EY3                0
 EY4                0
 EY5                0
 X                  0
 Z                  0


           PSI
              IM            SM            IY            SY            EM1
              ________      ________      ________      ________      ________
 IM                17
 SM                18            19
 IY                 0             0            20
 SY                 0             0            21            22
 EM1                0             0             0             0            23
 EM2                0             0             0             0             0
 EM3                0             0             0             0             0
 EM4                0             0             0             0             0
 EM5                0             0             0             0             0
 EY1                0             0             0             0             0
 EY2                0             0             0             0             0
 EY3                0             0             0             0             0
 EY4                0             0             0             0             0
 EY5                0             0             0             0             0
 X                  0             0             0             0             0
 Z                  0             0             0             0             0


           PSI
              EM2           EM3           EM4           EM5           EY1
              ________      ________      ________      ________      ________
 EM2               24
 EM3                0            25
 EM4                0             0            26
 EM5                0             0             0            27
 EY1                0             0             0             0            28
 EY2                0             0             0             0             0
 EY3                0             0             0             0             0
 EY4                0             0             0             0             0
 EY5                0             0             0             0             0
 X                  0             0             0             0             0
 Z                  0             0             0             0             0


           PSI
              EY2           EY3           EY4           EY5           X
              ________      ________      ________      ________      ________
 EY2               28
 EY3                0            28
 EY4                0             0            28
 EY5                0             0             0            28
 X                  0             0             0             0             0
 Z                  0             0             0             0             0


           PSI
              Z
              ________
 Z                  0


     PARAMETER SPECIFICATION FOR THE ADDITIONAL PARAMETERS


           NEW/ADDITIONAL PARAMETERS
              X_IM_IY       X_SM_IY       X_IM_SY       X_SM_SY
              ________      ________      ________      ________
                   29            30            31            32


     STARTING VALUES


           NU
              Y1            Y2            Y3            Y4            Y5
              ________      ________      ________      ________      ________
                0.000         0.000         0.000         0.000         0.000


           NU
              M1            M2            M3            M4            M5
              ________      ________      ________      ________      ________
                0.000         0.000         0.000         0.000         0.000


           NU
              X             Z
              ________      ________
                0.000         0.000


           LAMBDA
              IM            SM            IY            SY            EM1
              ________      ________      ________      ________      ________
 Y1             0.000         0.000         1.000        -4.000         0.000
 Y2             0.000         0.000         1.000        -3.000         0.000
 Y3             0.000         0.000         1.000        -2.000         0.000
 Y4             0.000         0.000         1.000        -1.000         0.000
 Y5             0.000         0.000         1.000         0.000         0.000
 M1             1.000         0.000         0.000         0.000         1.000
 M2             1.000         1.000         0.000         0.000         0.000
 M3             1.000         2.000         0.000         0.000         0.000
 M4             1.000         3.000         0.000         0.000         0.000
 M5             1.000         4.000         0.000         0.000         0.000
 X              0.000         0.000         0.000         0.000         0.000
 Z              0.000         0.000         0.000         0.000         0.000


           LAMBDA
              EM2           EM3           EM4           EM5           EY1
              ________      ________      ________      ________      ________
 Y1             0.000         0.000         0.000         0.000         1.000
 Y2             0.000         0.000         0.000         0.000         0.000
 Y3             0.000         0.000         0.000         0.000         0.000
 Y4             0.000         0.000         0.000         0.000         0.000
 Y5             0.000         0.000         0.000         0.000         0.000
 M1             0.000         0.000         0.000         0.000         0.000
 M2             1.000         0.000         0.000         0.000         0.000
 M3             0.000         1.000         0.000         0.000         0.000
 M4             0.000         0.000         1.000         0.000         0.000
 M5             0.000         0.000         0.000         1.000         0.000
 X              0.000         0.000         0.000         0.000         0.000
 Z              0.000         0.000         0.000         0.000         0.000


           LAMBDA
              EY2           EY3           EY4           EY5           X
              ________      ________      ________      ________      ________
 Y1             0.000         0.000         0.000         0.000         0.000
 Y2             1.000         0.000         0.000         0.000         0.000
 Y3             0.000         1.000         0.000         0.000         0.000
 Y4             0.000         0.000         1.000         0.000         0.000
 Y5             0.000         0.000         0.000         1.000         0.000
 M1             0.000         0.000         0.000         0.000         0.000
 M2             0.000         0.000         0.000         0.000         0.000
 M3             0.000         0.000         0.000         0.000         0.000
 M4             0.000         0.000         0.000         0.000         0.000
 M5             0.000         0.000         0.000         0.000         0.000
 X              0.000         0.000         0.000         0.000         1.000
 Z              0.000         0.000         0.000         0.000         0.000


           LAMBDA
              Z
              ________
 Y1             0.000
 Y2             0.000
 Y3             0.000
 Y4             0.000
 Y5             0.000
 M1             0.000
 M2             0.000
 M3             0.000
 M4             0.000
 M5             0.000
 X              0.000
 Z              1.000


           THETA
              Y1            Y2            Y3            Y4            Y5
              ________      ________      ________      ________      ________
 Y1             0.000
 Y2             0.000         0.000
 Y3             0.000         0.000         0.000
 Y4             0.000         0.000         0.000         0.000
 Y5             0.000         0.000         0.000         0.000         0.000
 M1             0.000         0.000         0.000         0.000         0.000
 M2             0.000         0.000         0.000         0.000         0.000
 M3             0.000         0.000         0.000         0.000         0.000
 M4             0.000         0.000         0.000         0.000         0.000
 M5             0.000         0.000         0.000         0.000         0.000
 X              0.000         0.000         0.000         0.000         0.000
 Z              0.000         0.000         0.000         0.000         0.000


           THETA
              M1            M2            M3            M4            M5
              ________      ________      ________      ________      ________
 M1             0.000
 M2             0.000         0.000
 M3             0.000         0.000         0.000
 M4             0.000         0.000         0.000         0.000
 M5             0.000         0.000         0.000         0.000         0.000
 X              0.000         0.000         0.000         0.000         0.000
 Z              0.000         0.000         0.000         0.000         0.000


           THETA
              X             Z
              ________      ________
 X              0.000
 Z              0.000         0.000


           ALPHA
              IM            SM            IY            SY            EM1
              ________      ________      ________      ________      ________
                0.000         0.000         0.000         0.000         0.000


           ALPHA
              EM2           EM3           EM4           EM5           EY1
              ________      ________      ________      ________      ________
                0.000         0.000         0.000         0.000         0.000


           ALPHA
              EY2           EY3           EY4           EY5           X
              ________      ________      ________      ________      ________
                0.000         0.000         0.000         0.000         0.000


           ALPHA
              Z
              ________
                0.000


           BETA
              IM            SM            IY            SY            EM1
              ________      ________      ________      ________      ________
 IM             0.000         0.000         0.000         0.000         0.000
 SM             0.000         0.000         0.000         0.000         0.000
 IY             0.000         0.000         0.000         0.000         0.000
 SY             0.000         0.000         0.000         0.000         0.000
 EM1            0.000         0.000         0.000         0.000         0.000
 EM2            0.000         0.000         0.000         0.000         0.000
 EM3            0.000         0.000         0.000         0.000         0.000
 EM4            0.000         0.000         0.000         0.000         0.000
 EM5            0.000         0.000         0.000         0.000         0.000
 EY1            0.000         0.000         0.000         0.000         0.000
 EY2            0.000         0.000         0.000         0.000         0.000
 EY3            0.000         0.000         0.000         0.000         0.000
 EY4            0.000         0.000         0.000         0.000         0.000
 EY5            0.000         0.000         0.000         0.000         0.000
 X              0.000         0.000         0.000         0.000         0.000
 Z              0.000         0.000         0.000         0.000         0.000


           BETA
              EM2           EM3           EM4           EM5           EY1
              ________      ________      ________      ________      ________
 IM             0.000         0.000         0.000         0.000         0.000
 SM             0.000         0.000         0.000         0.000         0.000
 IY             0.000         0.000         0.000         0.000         0.000
 SY             0.000         0.000         0.000         0.000         0.000
 EM1            0.000         0.000         0.000         0.000         0.000
 EM2            0.000         0.000         0.000         0.000         0.000
 EM3            0.000         0.000         0.000         0.000         0.000
 EM4            0.000         0.000         0.000         0.000         0.000
 EM5            0.000         0.000         0.000         0.000         0.000
 EY1            0.000         0.000         0.000         0.000         0.000
 EY2            0.000         0.000         0.000         0.000         0.000
 EY3            0.000         0.000         0.000         0.000         0.000
 EY4            0.000         0.000         0.000         0.000         0.000
 EY5            0.000         0.000         0.000         0.000         0.000
 X              0.000         0.000         0.000         0.000         0.000
 Z              0.000         0.000         0.000         0.000         0.000


           BETA
              EY2           EY3           EY4           EY5           X
              ________      ________      ________      ________      ________
 IM             0.000         0.000         0.000         0.000         0.000
 SM             0.000         0.000         0.000         0.000         0.000
 IY             0.000         0.000         0.000         0.000         0.000
 SY             0.000         0.000         0.000         0.000         0.000
 EM1            0.000         0.000         0.000         0.000         0.000
 EM2            0.000         0.000         0.000         0.000         0.000
 EM3            0.000         0.000         0.000         0.000         0.000
 EM4            0.000         0.000         0.000         0.000         0.000
 EM5            0.000         0.000         0.000         0.000         0.000
 EY1            0.000         0.000         0.000         0.000         0.000
 EY2            0.000         0.000         0.000         0.000         0.000
 EY3            0.000         0.000         0.000         0.000         0.000
 EY4            0.000         0.000         0.000         0.000         0.000
 EY5            0.000         0.000         0.000         0.000         0.000
 X              0.000         0.000         0.000         0.000         0.000
 Z              0.000         0.000         0.000         0.000         0.000


           BETA
              Z
              ________
 IM             0.000
 SM             0.000
 IY             0.000
 SY             0.000
 EM1            0.000
 EM2            0.000
 EM3            0.000
 EM4            0.000
 EM5            0.000
 EY1            0.000
 EY2            0.000
 EY3            0.000
 EY4            0.000
 EY5            0.000
 X              0.000
 Z              0.000


           PSI
              IM            SM            IY            SY            EM1
              ________      ________      ________      ________      ________
 IM             1.000
 SM             0.000         1.000
 IY             0.000         0.000         1.000
 SY             0.000         0.000         0.000         1.000
 EM1            0.000         0.000         0.000         0.000         1.000
 EM2            0.000         0.000         0.000         0.000         0.000
 EM3            0.000         0.000         0.000         0.000         0.000
 EM4            0.000         0.000         0.000         0.000         0.000
 EM5            0.000         0.000         0.000         0.000         0.000
 EY1            0.000         0.000         0.000         0.000         0.000
 EY2            0.000         0.000         0.000         0.000         0.000
 EY3            0.000         0.000         0.000         0.000         0.000
 EY4            0.000         0.000         0.000         0.000         0.000
 EY5            0.000         0.000         0.000         0.000         0.000
 X              0.000         0.000         0.000         0.000         0.000
 Z              0.000         0.000         0.000         0.000         0.000


           PSI
              EM2           EM3           EM4           EM5           EY1
              ________      ________      ________      ________      ________
 EM2            1.000
 EM3            0.000         1.000
 EM4            0.000         0.000         1.000
 EM5            0.000         0.000         0.000         1.000
 EY1            0.000         0.000         0.000         0.000         1.000
 EY2            0.000         0.000         0.000         0.000         0.000
 EY3            0.000         0.000         0.000         0.000         0.000
 EY4            0.000         0.000         0.000         0.000         0.000
 EY5            0.000         0.000         0.000         0.000         0.000
 X              0.000         0.000         0.000         0.000         0.000
 Z              0.000         0.000         0.000         0.000         0.000


           PSI
              EY2           EY3           EY4           EY5           X
              ________      ________      ________      ________      ________
 EY2            1.000
 EY3            0.000         1.000
 EY4            0.000         0.000         1.000
 EY5            0.000         0.000         0.000         1.000
 X              0.000         0.000         0.000         0.000         0.432
 Z              0.000         0.000         0.000         0.000         0.000


           PSI
              Z
              ________
 Z              0.476


     STARTING VALUES FOR THE ADDITIONAL PARAMETERS


           NEW/ADDITIONAL PARAMETERS
              X_IM_IY       X_SM_IY       X_IM_SY       X_SM_SY
              ________      ________      ________      ________
                0.500         0.500         0.500         0.500



     PRIORS FOR ALL PARAMETERS            PRIOR MEAN      PRIOR VARIANCE     PRIOR STD. DEV.

     Parameter 1~N(0.000,infinity)           0.0000            infinity            infinity
     Parameter 2~N(0.000,infinity)           0.0000            infinity            infinity
     Parameter 3~N(0.000,infinity)           0.0000            infinity            infinity
     Parameter 4~N(0.000,infinity)           0.0000            infinity            infinity
     Parameter 5~N(0.000,infinity)           0.0000            infinity            infinity
     Parameter 6~N(0.000,infinity)           0.0000            infinity            infinity
     Parameter 7~N(0.000,infinity)           0.0000            infinity            infinity
     Parameter 8~N(0.000,infinity)           0.0000            infinity            infinity
     Parameter 9~N(0.000,infinity)           0.0000            infinity            infinity
     Parameter 10~N(0.000,infinity)          0.0000            infinity            infinity
     Parameter 11~N(0.000,infinity)          0.0000            infinity            infinity
     Parameter 12~N(0.000,infinity)          0.0000            infinity            infinity
     Parameter 13~N(0.000,infinity)          0.0000            infinity            infinity
     Parameter 14~N(0.000,infinity)          0.0000            infinity            infinity
     Parameter 15~N(0.000,infinity)          0.0000            infinity            infinity
     Parameter 16~N(0.000,infinity)          0.0000            infinity            infinity
     Parameter 17~IW(0.000,-3)             infinity            infinity            infinity
     Parameter 18~IW(0.000,-3)             infinity            infinity            infinity
     Parameter 19~IW(0.000,-3)             infinity            infinity            infinity
     Parameter 20~IW(0.000,-3)             infinity            infinity            infinity
     Parameter 21~IW(0.000,-3)             infinity            infinity            infinity
     Parameter 22~IW(0.000,-3)             infinity            infinity            infinity
     Parameter 23~IG(-1.000,0.000)         infinity            infinity            infinity
     Parameter 24~IG(-1.000,0.000)         infinity            infinity            infinity
     Parameter 25~IG(-1.000,0.000)         infinity            infinity            infinity
     Parameter 26~IG(-1.000,0.000)         infinity            infinity            infinity
     Parameter 27~IG(-1.000,0.000)         infinity            infinity            infinity
     Parameter 28~IG(-1.000,0.000)         infinity            infinity            infinity


TECHNICAL 3 OUTPUT


           ESTIMATED COVARIANCE MATRIX FOR PARAMETER ESTIMATES
                     1             2             3             4             5
              ________      ________      ________      ________      ________
        1   0.501681D-02
        2  -0.592286D-03  0.295601D-02
        3   0.204601D-03  0.736876D-03  0.658353D-02
        4  -0.161867D-02  0.223500D-03  0.219270D-02  0.510187D-02
        5  -0.947634D-04  0.667342D-03 -0.368021D-03  0.187829D-03  0.891808D-02
        6   0.118766D-02 -0.687229D-03 -0.408897D-03 -0.140321D-02 -0.107804D-02
        7  -0.360672D-03  0.113878D-03 -0.324943D-03 -0.155959D-03 -0.131291D-02
        8  -0.616055D-04  0.173199D-04 -0.418626D-03  0.225089D-03 -0.361968D-03
        9  -0.576065D-03  0.310194D-03  0.238249D-02  0.487140D-03 -0.388656D-03
       10   0.120152D-02  0.424114D-03 -0.240916D-02 -0.135035D-02  0.258397D-02
       11  -0.116961D-02  0.405860D-04  0.521406D-03 -0.294018D-03 -0.913165D-03
       12  -0.134815D-02 -0.582134D-03  0.256947D-05  0.491020D-03  0.371688D-04
       13  -0.202428D-03 -0.133001D-02 -0.240018D-03  0.596673D-03 -0.204004D-02
       14   0.526687D-03  0.764205D-03  0.123238D-02 -0.920054D-03  0.100817D-02
       15  -0.601619D-03  0.663746D-03 -0.116591D-02 -0.126273D-02  0.148488D-03
       16  -0.126717D-02  0.760613D-04 -0.703284D-03  0.843602D-03  0.120026D-02
       17  -0.727129D-03 -0.324958D-04  0.662879D-03  0.624495D-03  0.124950D-02
       18   0.359060D-03 -0.181233D-03  0.123691D-03  0.577550D-03 -0.230649D-03
       19  -0.166792D-03  0.310996D-03  0.229308D-03  0.465155D-03 -0.724430D-03
       20  -0.405261D-03 -0.280289D-03 -0.299486D-03 -0.305166D-04 -0.168850D-02
       21  -0.193378D-04 -0.653451D-03 -0.557688D-03  0.171110D-03 -0.613727D-03
       22  -0.112603D-03 -0.207225D-03  0.258561D-03  0.268123D-03  0.435040D-03
       23   0.801738D-03 -0.322917D-03  0.598509D-03 -0.108152D-02  0.374404D-03
       24   0.102096D-02  0.613716D-03 -0.476208D-05 -0.105958D-02  0.208608D-02
       25   0.513730D-03 -0.916411D-05 -0.115848D-02 -0.161545D-03 -0.168503D-02
       26   0.188632D-02 -0.221139D-02  0.511641D-03 -0.900558D-04  0.255414D-02
       27  -0.213230D-02  0.362881D-02  0.224208D-02  0.130553D-02 -0.518326D-03
       28   0.963641D-03  0.484482D-04  0.400126D-03 -0.219067D-03 -0.773014D-04
       29  -0.651703D-04  0.164084D-03  0.976415D-03  0.210313D-03  0.482378D-03
       30   0.680105D-03  0.299666D-03 -0.149289D-02 -0.828954D-03  0.124358D-02
       31  -0.135742D-03 -0.402741D-03 -0.278034D-03  0.318655D-03  0.220105D-02
       32   0.261250D-03  0.483789D-03  0.658115D-03 -0.594213D-03  0.417919D-03


           ESTIMATED COVARIANCE MATRIX FOR PARAMETER ESTIMATES
                     6             7             8             9            10
              ________      ________      ________      ________      ________
        6   0.754799D-02
        7  -0.576532D-03  0.377674D-02
        8  -0.204896D-03  0.631523D-03  0.357344D-02
        9  -0.375723D-03  0.731964D-03  0.819950D-03  0.121275D-01
       10  -0.170269D-03 -0.107853D-02 -0.102987D-02 -0.317621D-02  0.160674D-01
       11   0.319347D-03  0.724866D-03  0.133564D-03 -0.293165D-02 -0.842339D-02
       12  -0.923379D-03  0.264060D-03 -0.206307D-03 -0.716036D-03 -0.396933D-02
       13  -0.689014D-03  0.141355D-02  0.545980D-03  0.281257D-02 -0.337482D-03
       14  -0.460366D-03 -0.933395D-03 -0.100317D-02  0.999506D-03  0.151534D-02
       15   0.184575D-02 -0.162365D-03  0.426447D-03 -0.265260D-02 -0.933828D-03
       16  -0.235904D-02  0.460596D-03  0.471057D-03 -0.256452D-03  0.455667D-04
       17  -0.371773D-03 -0.141217D-02 -0.868252D-03  0.269448D-03 -0.101995D-02
       18  -0.437885D-03  0.211234D-04  0.540514D-03 -0.743068D-03  0.866772D-03
       19  -0.906260D-03 -0.801913D-03 -0.561091D-03 -0.172827D-03 -0.437816D-03
       20   0.163228D-02 -0.521971D-03 -0.126208D-02  0.512149D-03 -0.213939D-02
       21   0.852487D-03  0.214183D-03  0.897682D-04 -0.823250D-03 -0.793624D-03
       22  -0.673007D-04  0.201393D-03  0.708249D-03 -0.458158D-03 -0.125975D-02
       23   0.126978D-03 -0.338448D-03 -0.177520D-02 -0.427523D-04  0.364602D-02
       24   0.100884D-02 -0.440632D-04 -0.166375D-03  0.232923D-02  0.604557D-03
       25   0.549287D-03 -0.131647D-03 -0.134010D-02 -0.132781D-03  0.351384D-03
       26   0.192440D-02 -0.317553D-03 -0.727771D-03 -0.341677D-02  0.906848D-03
       27  -0.128836D-02  0.475770D-03  0.120378D-02  0.367149D-02 -0.153943D-02
       28   0.698061D-04  0.127873D-03  0.617280D-05 -0.747312D-03  0.127540D-02
       29  -0.189300D-03  0.187722D-03  0.280804D-03  0.506964D-02 -0.110574D-02
       30  -0.259875D-03  0.246813D-03 -0.461659D-03 -0.171070D-02  0.928308D-02
       31  -0.569135D-03  0.454774D-04  0.123894D-03  0.107060D-02  0.615398D-03
       32  -0.466899D-03  0.105367D-03 -0.496462D-03  0.782899D-03  0.702364D-03


           ESTIMATED COVARIANCE MATRIX FOR PARAMETER ESTIMATES
                    11            12            13            14            15
              ________      ________      ________      ________      ________
       11   0.129545D-01
       12   0.334216D-02  0.693798D-02
       13  -0.710935D-03  0.464032D-03  0.102120D-01
       14  -0.570352D-03 -0.997369D-03 -0.382620D-02  0.967574D-02
       15   0.369126D-02  0.530756D-03 -0.200885D-02 -0.417367D-02  0.937948D-02
       16   0.306019D-03  0.168182D-02  0.910884D-03 -0.165890D-02  0.237149D-03
       17   0.725849D-03  0.100486D-02 -0.336905D-02  0.185418D-02  0.871849D-03
       18  -0.101036D-02 -0.122314D-02 -0.420277D-03 -0.173759D-02  0.841855D-03
       19  -0.240793D-03 -0.308009D-03 -0.103787D-02  0.829306D-03 -0.219634D-03
       20   0.112290D-03  0.125178D-02 -0.619433D-03  0.944911D-03 -0.188717D-02
       21  -0.124313D-03  0.196312D-03  0.243475D-03 -0.475245D-03 -0.357764D-03
       22   0.599110D-03 -0.118040D-03 -0.135056D-02 -0.215566D-03  0.305326D-03
       23  -0.131528D-02 -0.104944D-03  0.149087D-02  0.188233D-02 -0.849803D-03
       24  -0.734737D-03 -0.994457D-03  0.151543D-02  0.465662D-03 -0.292056D-03
       25   0.264368D-03  0.521727D-03  0.356225D-03  0.590797D-03 -0.215696D-03
       26  -0.184976D-03 -0.462207D-03  0.214372D-02 -0.161318D-02 -0.193254D-02
       27  -0.202070D-02 -0.458046D-03 -0.385167D-02  0.365389D-02 -0.105434D-02
       28  -0.993348D-03 -0.327335D-03  0.825941D-03 -0.132855D-02  0.449143D-03
       29  -0.139355D-02 -0.345872D-03  0.103258D-02  0.649454D-03 -0.122220D-02
       30  -0.488481D-02 -0.222980D-02  0.218700D-03  0.665747D-03 -0.642346D-03
       31  -0.557825D-03  0.177080D-03  0.360825D-02 -0.125157D-02 -0.943870D-03
       32  -0.157600D-03 -0.502183D-03 -0.202044D-02  0.564889D-02 -0.259801D-02


           ESTIMATED COVARIANCE MATRIX FOR PARAMETER ESTIMATES
                    16            17            18            19            20
              ________      ________      ________      ________      ________
       16   0.529547D-02
       17  -0.962066D-03  0.189205D-01
       18   0.860569D-03 -0.128009D-02  0.536950D-02
       19  -0.401951D-03  0.300328D-03 -0.772528D-03  0.537469D-02
       20  -0.110992D-02 -0.171362D-03 -0.700436D-03  0.162565D-02  0.143003D-01
       21  -0.792701D-03  0.235825D-03  0.377173D-03  0.230619D-04  0.567063D-02
       22  -0.797180D-03  0.110561D-02  0.543012D-03 -0.152742D-02  0.240839D-02
       23   0.494096D-03 -0.513540D-02  0.109488D-02  0.232841D-03  0.213269D-02
       24   0.696984D-04 -0.486894D-02 -0.497226D-03 -0.152464D-02 -0.197298D-02
       25  -0.130346D-02 -0.848206D-04 -0.117318D-02  0.706692D-03  0.224882D-02
       26  -0.184500D-02 -0.141771D-02  0.426432D-04 -0.116134D-02 -0.202302D-02
       27   0.204467D-02  0.313665D-02 -0.344140D-03 -0.741389D-03  0.350234D-03
       28  -0.896033D-04 -0.567290D-04  0.275718D-03 -0.235544D-03 -0.243187D-02
       29  -0.103954D-03  0.158471D-03 -0.336369D-03 -0.152158D-03  0.184471D-03
       30   0.174889D-03 -0.976320D-03  0.501665D-03 -0.395573D-03 -0.140958D-02
       31   0.735508D-03 -0.861993D-03 -0.302803D-03 -0.684505D-03 -0.798528D-03
       32  -0.823598D-03  0.875517D-03 -0.991277D-03  0.339749D-03  0.571150D-03


           ESTIMATED COVARIANCE MATRIX FOR PARAMETER ESTIMATES
                    21            22            23            24            25
              ________      ________      ________      ________      ________
       21   0.686419D-02
       22   0.349346D-02  0.846761D-02
       23   0.244299D-02  0.363564D-03  0.186274D-01
       24  -0.181758D-02 -0.161119D-02 -0.774656D-03  0.153720D-01
       25   0.117958D-02 -0.874222D-03 -0.560588D-04 -0.811321D-03  0.113004D-01
       26   0.139428D-02  0.260445D-02 -0.876961D-03  0.731229D-03 -0.511368D-03
       27  -0.674558D-03  0.225652D-02 -0.742683D-03 -0.219190D-03 -0.348417D-02
       28  -0.417001D-03  0.243747D-03 -0.110141D-03  0.575553D-03  0.238497D-04
       29  -0.349992D-03 -0.134695D-03  0.128832D-04  0.111584D-02  0.486532D-04
       30  -0.440455D-03 -0.691151D-03  0.207596D-02  0.269934D-03  0.133799D-03
       31  -0.403631D-04 -0.375534D-03  0.660629D-03  0.151037D-02 -0.414698D-03
       32  -0.241043D-03 -0.252358D-04  0.107411D-02  0.174097D-03  0.327745D-03


           ESTIMATED COVARIANCE MATRIX FOR PARAMETER ESTIMATES
                    26            27            28            29            30
              ________      ________      ________      ________      ________
       26   0.215707D-01
       27  -0.101231D-01  0.280442D-01
       28   0.897162D-03 -0.912691D-03  0.299320D-02
       29  -0.120767D-02  0.133581D-02 -0.295534D-03  0.223235D-02
       30   0.493373D-03 -0.727862D-03  0.793311D-03 -0.609812D-03  0.560780D-02
       31   0.186470D-02 -0.169099D-02  0.290385D-03  0.603057D-03  0.416695D-03
       32  -0.102943D-02  0.219885D-02 -0.788117D-03  0.448572D-03  0.438165D-03


           ESTIMATED COVARIANCE MATRIX FOR PARAMETER ESTIMATES
                    31            32
              ________      ________
       31   0.235425D-02
       32  -0.719895D-03  0.344660D-02


           ESTIMATED CORRELATION MATRIX FOR PARAMETER ESTIMATES
                     1             2             3             4             5
              ________      ________      ________      ________      ________
        1       1.000
        2      -0.154         1.000
        3       0.036         0.167         1.000
        4      -0.320         0.058         0.378         1.000
        5      -0.014         0.130        -0.048         0.028         1.000
        6       0.193        -0.145        -0.058        -0.226        -0.131
        7      -0.083         0.034        -0.065        -0.036        -0.226
        8      -0.015         0.005        -0.086         0.053        -0.064
        9      -0.074         0.052         0.267         0.062        -0.037
       10       0.134         0.062        -0.234        -0.149         0.216
       11      -0.145         0.007         0.056        -0.036        -0.085
       12      -0.229        -0.129         0.000         0.083         0.005
       13      -0.028        -0.242        -0.029         0.083        -0.214
       14       0.076         0.143         0.154        -0.131         0.109
       15      -0.088         0.126        -0.148        -0.183         0.016
       16      -0.246         0.019        -0.119         0.162         0.175
       17      -0.075        -0.004         0.059         0.064         0.096
       18       0.069        -0.045         0.021         0.110        -0.033
       19      -0.032         0.078         0.039         0.089        -0.105
       20      -0.048        -0.043        -0.031        -0.004        -0.150
       21      -0.003        -0.145        -0.083         0.029        -0.078
       22      -0.017        -0.041         0.035         0.041         0.050
       23       0.083        -0.044         0.054        -0.111         0.029
       24       0.116         0.091         0.000        -0.120         0.178
       25       0.068        -0.002        -0.134        -0.021        -0.168
       26       0.181        -0.277         0.043        -0.009         0.184
       27      -0.180         0.399         0.165         0.109        -0.033
       28       0.249         0.016         0.090        -0.056        -0.015
       29      -0.019         0.064         0.255         0.062         0.108
       30       0.128         0.074        -0.246        -0.155         0.176
       31      -0.039        -0.153        -0.071         0.092         0.480
       32       0.063         0.152         0.138        -0.142         0.075


           ESTIMATED CORRELATION MATRIX FOR PARAMETER ESTIMATES
                     6             7             8             9            10
              ________      ________      ________      ________      ________
        6       1.000
        7      -0.108         1.000
        8      -0.039         0.172         1.000
        9      -0.039         0.108         0.125         1.000
       10      -0.015        -0.138        -0.136        -0.228         1.000
       11       0.032         0.104         0.020        -0.234        -0.584
       12      -0.128         0.052        -0.041        -0.078        -0.376
       13      -0.078         0.228         0.090         0.253        -0.026
       14      -0.054        -0.154        -0.171         0.092         0.122
       15       0.219        -0.027         0.074        -0.249        -0.076
       16      -0.373         0.103         0.108        -0.032         0.005
       17      -0.031        -0.167        -0.106         0.018        -0.058
       18      -0.069         0.005         0.123        -0.092         0.093
       19      -0.142        -0.178        -0.128        -0.021        -0.047
       20       0.157        -0.071        -0.177         0.039        -0.141
       21       0.118         0.042         0.018        -0.090        -0.076
       22      -0.008         0.036         0.129        -0.045        -0.108
       23       0.011        -0.040        -0.218        -0.003         0.211
       24       0.094        -0.006        -0.022         0.171         0.038
       25       0.059        -0.020        -0.211        -0.011         0.026
       26       0.151        -0.035        -0.083        -0.211         0.049
       27      -0.089         0.046         0.120         0.199        -0.073
       28       0.015         0.038         0.002        -0.124         0.184
       29      -0.046         0.065         0.099         0.974        -0.185
       30      -0.040         0.054        -0.103        -0.207         0.978
       31      -0.135         0.015         0.043         0.200         0.100
       32      -0.092         0.029        -0.141         0.121         0.094


           ESTIMATED CORRELATION MATRIX FOR PARAMETER ESTIMATES
                    11            12            13            14            15
              ________      ________      ________      ________      ________
       11       1.000
       12       0.353         1.000
       13      -0.062         0.055         1.000
       14      -0.051        -0.122        -0.385         1.000
       15       0.335         0.066        -0.205        -0.438         1.000
       16       0.037         0.277         0.124        -0.232         0.034
       17       0.046         0.088        -0.242         0.137         0.065
       18      -0.121        -0.200        -0.057        -0.241         0.119
       19      -0.029        -0.050        -0.140         0.115        -0.031
       20       0.008         0.126        -0.051         0.080        -0.163
       21      -0.013         0.028         0.029        -0.058        -0.045
       22       0.057        -0.015        -0.145        -0.024         0.034
       23      -0.085        -0.009         0.108         0.140        -0.064
       24      -0.052        -0.096         0.121         0.038        -0.024
       25       0.022         0.059         0.033         0.057        -0.021
       26      -0.011        -0.038         0.144        -0.112        -0.136
       27      -0.106        -0.033        -0.228         0.222        -0.065
       28      -0.160        -0.072         0.149        -0.247         0.085
       29      -0.259        -0.088         0.216         0.140        -0.267
       30      -0.573        -0.357         0.029         0.090        -0.089
       31      -0.101         0.044         0.736        -0.262        -0.201
       32      -0.024        -0.103        -0.341         0.978        -0.457


           ESTIMATED CORRELATION MATRIX FOR PARAMETER ESTIMATES
                    16            17            18            19            20
              ________      ________      ________      ________      ________
       16       1.000
       17      -0.096         1.000
       18       0.161        -0.127         1.000
       19      -0.075         0.030        -0.144         1.000
       20      -0.128        -0.010        -0.080         0.185         1.000
       21      -0.131         0.021         0.062         0.004         0.572
       22      -0.119         0.087         0.081        -0.226         0.219
       23       0.050        -0.274         0.109         0.023         0.131
       24       0.008        -0.285        -0.055        -0.168        -0.133
       25      -0.168        -0.006        -0.151         0.091         0.177
       26      -0.173        -0.070         0.004        -0.108        -0.115
       27       0.168         0.136        -0.028        -0.060         0.017
       28      -0.023        -0.008         0.069        -0.059        -0.372
       29      -0.030         0.024        -0.097        -0.044         0.033
       30       0.032        -0.095         0.091        -0.072        -0.157
       31       0.208        -0.129        -0.085        -0.192        -0.138
       32      -0.193         0.108        -0.230         0.079         0.081


           ESTIMATED CORRELATION MATRIX FOR PARAMETER ESTIMATES
                    21            22            23            24            25
              ________      ________      ________      ________      ________
       21       1.000
       22       0.458         1.000
       23       0.216         0.029         1.000
       24      -0.177        -0.141        -0.046         1.000
       25       0.134        -0.089        -0.004        -0.062         1.000
       26       0.115         0.193        -0.044         0.040        -0.033
       27      -0.049         0.146        -0.032        -0.011        -0.196
       28      -0.092         0.048        -0.015         0.085         0.004
       29      -0.089        -0.031         0.002         0.190         0.010
       30      -0.071        -0.100         0.203         0.029         0.017
       31      -0.010        -0.084         0.100         0.251        -0.080
       32      -0.050        -0.005         0.134         0.024         0.053


           ESTIMATED CORRELATION MATRIX FOR PARAMETER ESTIMATES
                    26            27            28            29            30
              ________      ________      ________      ________      ________
       26       1.000
       27      -0.412         1.000
       28       0.112        -0.100         1.000
       29      -0.174         0.169        -0.114         1.000
       30       0.045        -0.058         0.194        -0.172         1.000
       31       0.262        -0.208         0.109         0.263         0.115
       32      -0.119         0.224        -0.245         0.162         0.100


           ESTIMATED CORRELATION MATRIX FOR PARAMETER ESTIMATES
                    31            32
              ________      ________
       31       1.000
       32      -0.253         1.000


TECHNICAL 4 OUTPUT


     ESTIMATES DERIVED FROM THE MODEL


           ESTIMATED MEANS FOR THE LATENT VARIABLES
              IM            SM            IY            SY            EM1
              ________      ________      ________      ________      ________
               -0.048         0.018         0.077         0.019         0.000


           ESTIMATED MEANS FOR THE LATENT VARIABLES
              EM2           EM3           EM4           EM5           EY1
              ________      ________      ________      ________      ________
                0.000         0.000         0.000         0.000         0.000


           ESTIMATED MEANS FOR THE LATENT VARIABLES
              EY2           EY3           EY4           EY5           X
              ________      ________      ________      ________      ________
                0.000         0.000         0.000         0.000        -0.011


           ESTIMATED MEANS FOR THE LATENT VARIABLES
              Z
              ________
               -0.028


           ESTIMATED COVARIANCE MATRIX FOR THE LATENT VARIABLES
              IM            SM            IY            SY            EM1
              ________      ________      ________      ________      ________
 IM             0.920
 SM             0.321         0.979
 IY             0.195         0.340         0.875
 SY             0.438         0.402         0.397         1.056
 EM1            0.000         0.000         0.000         0.000         0.990
 EM2            0.000         0.000         0.000         0.000         0.000
 EM3            0.000         0.000         0.000         0.000         0.000
 EM4            0.000         0.000         0.000         0.000         0.000
 EM5            0.000         0.000         0.000         0.000         0.000
 EY1            0.000         0.000         0.000         0.000         0.000
 EY2            0.000         0.000         0.000         0.000         0.000
 EY3            0.000         0.000         0.000         0.000         0.000
 EY4            0.000         0.000         0.000         0.000         0.000
 EY5            0.000         0.000         0.000         0.000         0.000
 X              0.376         0.531         0.234         0.351         0.000
 Z              0.085         0.242         0.176         0.237         0.000


           ESTIMATED COVARIANCE MATRIX FOR THE LATENT VARIABLES
              EM2           EM3           EM4           EM5           EY1
              ________      ________      ________      ________      ________
 EM2            1.030
 EM3            0.000         0.934
 EM4            0.000         0.000         1.133
 EM5            0.000         0.000         0.000         0.486
 EY1            0.000         0.000         0.000         0.000         0.995
 EY2            0.000         0.000         0.000         0.000         0.000
 EY3            0.000         0.000         0.000         0.000         0.000
 EY4            0.000         0.000         0.000         0.000         0.000
 EY5            0.000         0.000         0.000         0.000         0.000
 X              0.000         0.000         0.000         0.000         0.000
 Z              0.000         0.000         0.000         0.000         0.000


           ESTIMATED COVARIANCE MATRIX FOR THE LATENT VARIABLES
              EY2           EY3           EY4           EY5           X
              ________      ________      ________      ________      ________
 EY2            0.995
 EY3            0.000         0.995
 EY4            0.000         0.000         0.995
 EY5            0.000         0.000         0.000         0.995
 X              0.000         0.000         0.000         0.000         0.865
 Z              0.000         0.000         0.000         0.000         0.056


           ESTIMATED COVARIANCE MATRIX FOR THE LATENT VARIABLES
              Z
              ________
 Z              0.951


           ESTIMATED CORRELATION MATRIX FOR THE LATENT VARIABLES
              IM            SM            IY            SY            EM1
              ________      ________      ________      ________      ________
 IM             1.000
 SM             0.339         1.000
 IY             0.217         0.367         1.000
 SY             0.445         0.395         0.413         1.000
 EM1            0.000         0.000         0.000         0.000         1.000
 EM2            0.000         0.000         0.000         0.000         0.000
 EM3            0.000         0.000         0.000         0.000         0.000
 EM4            0.000         0.000         0.000         0.000         0.000
 EM5            0.000         0.000         0.000         0.000         0.000
 EY1            0.000         0.000         0.000         0.000         0.000
 EY2            0.000         0.000         0.000         0.000         0.000
 EY3            0.000         0.000         0.000         0.000         0.000
 EY4            0.000         0.000         0.000         0.000         0.000
 EY5            0.000         0.000         0.000         0.000         0.000
 X              0.422         0.577         0.269         0.367         0.000
 Z              0.091         0.251         0.193         0.236         0.000


           ESTIMATED CORRELATION MATRIX FOR THE LATENT VARIABLES
              EM2           EM3           EM4           EM5           EY1
              ________      ________      ________      ________      ________
 EM2            1.000
 EM3            0.000         1.000
 EM4            0.000         0.000         1.000
 EM5            0.000         0.000         0.000         1.000
 EY1            0.000         0.000         0.000         0.000         1.000
 EY2            0.000         0.000         0.000         0.000         0.000
 EY3            0.000         0.000         0.000         0.000         0.000
 EY4            0.000         0.000         0.000         0.000         0.000
 EY5            0.000         0.000         0.000         0.000         0.000
 X              0.000         0.000         0.000         0.000         0.000
 Z              0.000         0.000         0.000         0.000         0.000


           ESTIMATED CORRELATION MATRIX FOR THE LATENT VARIABLES
              EY2           EY3           EY4           EY5           X
              ________      ________      ________      ________      ________
 EY2            1.000
 EY3            0.000         1.000
 EY4            0.000         0.000         1.000
 EY5            0.000         0.000         0.000         1.000
 X              0.000         0.000         0.000         0.000         1.000
 Z              0.000         0.000         0.000         0.000         0.062


           ESTIMATED CORRELATION MATRIX FOR THE LATENT VARIABLES
              Z
              ________
 Z              1.000


TECHNICAL 8 OUTPUT


   TECHNICAL 8 OUTPUT FOR BAYES ESTIMATION

     CHAIN    BSEED
     1        0
     2        285380

                     POTENTIAL       PARAMETER WITH
     ITERATION    SCALE REDUCTION      HIGHEST PSR
     100              1.079               27


     Beginning Time:  18:09:33
        Ending Time:  18:09:33
       Elapsed Time:  00:00:00



MUTHEN & MUTHEN
3463 Stoner Ave.
Los Angeles, CA  90066

Tel: (310) 391-9971
Fax: (310) 391-8971
Web: www.StatModel.com
Support: Support@StatModel.com

Copyright (c) 1998-2022 Muthen & Muthen
