Mplus VERSION 8.8 (Mac)
MUTHEN & MUTHEN
10/14/2022   9:08 PM

INPUT INSTRUCTIONS

  TITLE:
  lgcm
  DATA:
  FILE = "naive_ecda269d32af88ddbc5bb10bc8e48ece.dat";

  VARIABLE:
  NAMES = Y1 Y2 Y3 Y4 Y5 M1 M2 M3 M4 M5 X Z;
   MISSING=.;

  ANALYSIS:

    MODEL = NOCOVARIANCES;
    ESTIMATOR = ML;

  MODEL:
  IM by M1@1
  M2@1
  M3@1
  M4@1
  M5@1;
  SM by M1@0
  M2@1
  M3@2
  M4@3
  M5@4;
  IY by Y1@1
  Y2@1
  Y3@1
  Y4@1
  Y5@1;
  SY by Y1@-4
  Y2@-3
  Y3@-2
  Y4@-1
  Y5@0;
  [M1-M5@0]
  ;[Y1-Y5@0]
  ;! created within-person centered residual;
  eM1 by M1@1;
  eM2 by M2@1;
  eM3 by M3@1;
  eM4 by M4@1;
  eM5 by M5@1;
  eY1 by Y1@1;
  eY2 by Y2@1;
  eY3 by Y3@1;
  eY4 by Y4@1;
  eY5 by Y5@1;
  M1-M5@0;
  Y1-Y5@0;
  !user-specified within-person residual covariance structure;
  eM1-eM5 (sigma_eM);
   eY1-eY5 (sigma_eY);
  [IM SM] (a0_IM a0_SM);
  [IY SY] (b0_IY b0_SY);
  IM on X (a1_IM);
  SM on X (a1_SM);
  IY on X IM SM (b1_IY b2_IY b3_IY);
  SY on X IM SM (b1_SY b2_SY b3_SY);
  IM (revarIM);
  SM (revarSM);
  IM with SM (IMwSM);
  IY (revarIY);
  SY (revarSY);
  IY with SY (IYwSY);
  IY SY with IM@0 SM@0;
  IY SY on Z;

  MODEL CONSTRAINT:
  NEW (detISM);
  detISM = revarIM*revarSM - (IMwSM)^2 ;
  NEW (inISM11, inISM22, inISM12);
  inISM11 = revarSM/detISM;
  inISM22 = revarIM/detISM;
  inISM12 = (-1)*IMwSM/detISM;
  NEW (X_IM_IY, X_SM_IY, X_IM_SY, X_SM_SY  );
  X_IM_IY = a1_IM*b2_IY;
  X_SM_IY = a1_SM*b3_IY;
  X_IM_SY = a1_IM*b2_SY;
  X_SM_SY = a1_SM*b3_SY;
  NEW (X_to_IY, X_to_SY  );
  X_to_IY = X_IM_IY+X_SM_IY;
  X_to_SY = X_IM_SY+X_SM_SY;

  OUTPUT:
  TECH1 TECH3 TECH4;




INPUT READING TERMINATED NORMALLY




lgcm

SUMMARY OF ANALYSIS

Number of groups                                                 1
Number of observations                                         200

Number of dependent variables                                   10
Number of independent variables                                  2
Number of continuous latent variables                           14

Observed dependent variables

  Continuous
   Y1          Y2          Y3          Y4          Y5          M1
   M2          M3          M4          M5

Observed independent variables
   X           Z

Continuous latent variables
   IM          SM          IY          SY          EM1         EM2
   EM3         EM4         EM5         EY1         EY2         EY3
   EY4         EY5


Estimator                                                       ML
Information matrix                                        OBSERVED
Maximum number of iterations                                  1000
Convergence criterion                                    0.500D-04
Maximum number of steepest descent iterations                   20
Maximum number of iterations for H1                           2000
Convergence criterion for H1                             0.100D-03

Input data file(s)
  naive_ecda269d32af88ddbc5bb10bc8e48ece.dat

Input data format  FREE


SUMMARY OF DATA

     Number of missing data patterns             1


COVARIANCE COVERAGE OF DATA

Minimum covariance coverage value   0.100


     PROPORTION OF DATA PRESENT


           Covariance Coverage
              Y1            Y2            Y3            Y4            Y5
              ________      ________      ________      ________      ________
 Y1             1.000
 Y2             1.000         1.000
 Y3             1.000         1.000         1.000
 Y4             1.000         1.000         1.000         1.000
 Y5             1.000         1.000         1.000         1.000         1.000
 M1             1.000         1.000         1.000         1.000         1.000
 M2             1.000         1.000         1.000         1.000         1.000
 M3             1.000         1.000         1.000         1.000         1.000
 M4             1.000         1.000         1.000         1.000         1.000
 M5             1.000         1.000         1.000         1.000         1.000
 X              1.000         1.000         1.000         1.000         1.000
 Z              1.000         1.000         1.000         1.000         1.000


           Covariance Coverage
              M1            M2            M3            M4            M5
              ________      ________      ________      ________      ________
 M1             1.000
 M2             1.000         1.000
 M3             1.000         1.000         1.000
 M4             1.000         1.000         1.000         1.000
 M5             1.000         1.000         1.000         1.000         1.000
 X              1.000         1.000         1.000         1.000         1.000
 Z              1.000         1.000         1.000         1.000         1.000


           Covariance Coverage
              X             Z
              ________      ________
 X              1.000
 Z              1.000         1.000



UNIVARIATE SAMPLE STATISTICS


     UNIVARIATE HIGHER-ORDER MOMENT DESCRIPTIVE STATISTICS

         Variable/         Mean/     Skewness/   Minimum/ % with                Percentiles
        Sample Size      Variance    Kurtosis    Maximum  Min/Max      20%/60%    40%/80%    Median

     Y1                    0.034       0.247     -10.481    0.50%      -3.364     -1.012     -0.236
             200.000      15.656       0.275      12.456    0.50%       0.533      3.330
     Y2                   -0.070       0.099      -7.323    0.50%      -2.239     -0.893     -0.254
             200.000       8.044      -0.050       8.344    0.50%       0.547      2.404
     Y3                    0.059       0.086      -4.957    0.50%      -1.601     -0.546     -0.101
             200.000       4.304      -0.047       5.797    0.50%       0.490      1.792
     Y4                    0.041       0.145      -3.682    0.50%      -1.249     -0.339     -0.014
             200.000       2.226      -0.028       4.941    0.50%       0.269      1.499
     Y5                    0.069      -0.422      -3.951    0.50%      -0.978     -0.257      0.187
             200.000       1.776       0.231       3.635    0.50%       0.548      1.198
     M1                    0.003       0.035      -3.658    0.50%      -1.182     -0.422     -0.055
             200.000       1.822      -0.399       3.906    0.50%       0.326      1.188
     M2                   -0.158       0.005      -4.442    0.50%      -1.876     -0.813     -0.213
             200.000       3.447      -0.504       5.054    0.50%       0.420      1.544
     M3                    0.013       0.067      -6.316    0.50%      -2.321     -0.754      0.001
             200.000       6.760      -0.518       6.114    0.50%       0.594      2.327
     M4                    0.080      -0.121      -7.341    0.50%      -3.348     -0.444      0.462
             200.000      12.012      -0.520       8.317    0.50%       1.000      3.098
     M5                    0.016      -0.078     -11.472    0.50%      -4.150     -0.904      0.344
             200.000      19.175      -0.448      10.359    0.50%       1.270      3.508
     X                    -0.011       0.088      -2.149    0.50%      -0.869     -0.289     -0.096
             200.000       0.865      -0.447       2.132    0.50%       0.252      0.798
     Z                    -0.028      -0.097      -2.986    0.50%      -0.878     -0.226     -0.030
             200.000       0.951       0.279       2.594    0.50%       0.150      0.730


     THIS ANALYSIS MAY HAVE MULTIPLE SOLUTIONS.  EXPLORE THIS USING RANDOM STARTS,
     FOR EXAMPLE, STARTS = 20.  USE A LARGE ENOUGH NUMBER OF STARTS SO THAT THE
     BEST FIT FUNCTION VALUE IS REPLICATED SEVERAL TIMES.


THE MODEL ESTIMATION TERMINATED NORMALLY



MODEL FIT INFORMATION

Number of Free Parameters                       22

Loglikelihood

          H0 Value                       -3565.141
          H1 Value                       -3522.044

Information Criteria

          Akaike (AIC)                    7174.283
          Bayesian (BIC)                  7246.846
          Sample-Size Adjusted BIC        7177.148
            (n* = (n + 2) / 24)

Chi-Square Test of Model Fit

          Value                             86.196
          Degrees of Freedom                    63
          P-Value                           0.0278

RMSEA (Root Mean Square Error Of Approximation)

          Estimate                           0.043
          90 Percent C.I.                    0.015  0.064
          Probability RMSEA <= .05           0.686

CFI/TLI

          CFI                                0.988
          TLI                                0.988

Chi-Square Test of Model Fit for the Baseline Model

          Value                           2003.169
          Degrees of Freedom                    65
          P-Value                           0.0000

SRMR (Standardized Root Mean Square Residual)

          Value                              0.056



MODEL RESULTS

                                                    Two-Tailed
                    Estimate       S.E.  Est./S.E.    P-Value

 IM       BY
    M1                 1.000      0.000    999.000    999.000
    M2                 1.000      0.000    999.000    999.000
    M3                 1.000      0.000    999.000    999.000
    M4                 1.000      0.000    999.000    999.000
    M5                 1.000      0.000    999.000    999.000

 SM       BY
    M1                 0.000      0.000    999.000    999.000
    M2                 1.000      0.000    999.000    999.000
    M3                 2.000      0.000    999.000    999.000
    M4                 3.000      0.000    999.000    999.000
    M5                 4.000      0.000    999.000    999.000

 IY       BY
    Y1                 1.000      0.000    999.000    999.000
    Y2                 1.000      0.000    999.000    999.000
    Y3                 1.000      0.000    999.000    999.000
    Y4                 1.000      0.000    999.000    999.000
    Y5                 1.000      0.000    999.000    999.000

 SY       BY
    Y1                -4.000      0.000    999.000    999.000
    Y2                -3.000      0.000    999.000    999.000
    Y3                -2.000      0.000    999.000    999.000
    Y4                -1.000      0.000    999.000    999.000
    Y5                 0.000      0.000    999.000    999.000

 EM1      BY
    M1                 1.000      0.000    999.000    999.000

 EM2      BY
    M2                 1.000      0.000    999.000    999.000

 EM3      BY
    M3                 1.000      0.000    999.000    999.000

 EM4      BY
    M4                 1.000      0.000    999.000    999.000

 EM5      BY
    M5                 1.000      0.000    999.000    999.000

 EY1      BY
    Y1                 1.000      0.000    999.000    999.000

 EY2      BY
    Y2                 1.000      0.000    999.000    999.000

 EY3      BY
    Y3                 1.000      0.000    999.000    999.000

 EY4      BY
    Y4                 1.000      0.000    999.000    999.000

 EY5      BY
    Y5                 1.000      0.000    999.000    999.000

 IY       ON
    IM                 0.144      0.137      1.049      0.294
    SM                 0.218      0.123      1.768      0.077

 SY       ON
    IM                 0.402      0.118      3.424      0.001
    SM                 0.155      0.103      1.501      0.133

 IM       ON
    X                  0.437      0.085      5.157      0.000

 SM       ON
    X                  0.604      0.063      9.568      0.000

 IY       ON
    X                  0.059      0.111      0.533      0.594
    Z                  0.112      0.084      1.322      0.186

 SY       ON
    X                  0.126      0.093      1.359      0.174
    Z                  0.148      0.069      2.151      0.031

 IM       WITH
    SM                 0.123      0.066      1.845      0.065
    IY                 0.000      0.000    999.000    999.000
    SY                 0.000      0.000    999.000    999.000

 IY       WITH
    SY                 0.166      0.079      2.109      0.035
    SM                 0.000      0.000    999.000    999.000

 SY       WITH
    SM                 0.000      0.000    999.000    999.000

 Intercepts
    Y1                 0.000      0.000    999.000    999.000
    Y2                 0.000      0.000    999.000    999.000
    Y3                 0.000      0.000    999.000    999.000
    Y4                 0.000      0.000    999.000    999.000
    Y5                 0.000      0.000    999.000    999.000
    M1                 0.000      0.000    999.000    999.000
    M2                 0.000      0.000    999.000    999.000
    M3                 0.000      0.000    999.000    999.000
    M4                 0.000      0.000    999.000    999.000
    M5                 0.000      0.000    999.000    999.000
    IM                -0.057      0.079     -0.722      0.470
    SM                 0.033      0.059      0.557      0.577
    IY                 0.069      0.080      0.874      0.382
    SY                 0.044      0.066      0.668      0.504

 Variances
    EM1                0.934      0.054     17.320      0.000
    EM2                0.934      0.054     17.320      0.000
    EM3                0.934      0.054     17.320      0.000
    EM4                0.934      0.054     17.320      0.000
    EM5                0.934      0.054     17.320      0.000
    EY1                0.978      0.056     17.320      0.000
    EY2                0.978      0.056     17.320      0.000
    EY3                0.978      0.056     17.320      0.000
    EY4                0.978      0.056     17.320      0.000
    EY5                0.978      0.056     17.320      0.000

 Residual Variances
    Y1                 0.000      0.000    999.000    999.000
    Y2                 0.000      0.000    999.000    999.000
    Y3                 0.000      0.000    999.000    999.000
    Y4                 0.000      0.000    999.000    999.000
    Y5                 0.000      0.000    999.000    999.000
    M1                 0.000      0.000    999.000    999.000
    M2                 0.000      0.000    999.000    999.000
    M3                 0.000      0.000    999.000    999.000
    M4                 0.000      0.000    999.000    999.000
    M5                 0.000      0.000    999.000    999.000
    IM                 0.681      0.128      5.308      0.000
    SM                 0.595      0.069      8.617      0.000
    IY                 0.652      0.129      5.059      0.000
    SY                 0.692      0.086      8.025      0.000

New/Additional Parameters
    DETISM             0.391      0.095      4.118      0.000
    INISM11            1.525      0.314      4.861      0.000
    INISM22            1.744      0.231      7.552      0.000
    INISM12           -0.314      0.208     -1.506      0.132
    X_IM_IY            0.063      0.061      1.028      0.304
    X_SM_IY            0.131      0.076      1.739      0.082
    X_IM_SY            0.176      0.062      2.853      0.004
    X_SM_SY            0.094      0.063      1.483      0.138
    X_TO_IY            0.194      0.075      2.574      0.010
    X_TO_SY            0.270      0.070      3.837      0.000


QUALITY OF NUMERICAL RESULTS

     Condition Number for the Information Matrix              0.171E-02
       (ratio of smallest to largest eigenvalue)


TECHNICAL 1 OUTPUT


     PARAMETER SPECIFICATION


           NU
              Y1            Y2            Y3            Y4            Y5
              ________      ________      ________      ________      ________
                  0             0             0             0             0


           NU
              M1            M2            M3            M4            M5
              ________      ________      ________      ________      ________
                  0             0             0             0             0


           NU
              X             Z
              ________      ________
                  0             0


           LAMBDA
              IM            SM            IY            SY            EM1
              ________      ________      ________      ________      ________
 Y1                 0             0             0             0             0
 Y2                 0             0             0             0             0
 Y3                 0             0             0             0             0
 Y4                 0             0             0             0             0
 Y5                 0             0             0             0             0
 M1                 0             0             0             0             0
 M2                 0             0             0             0             0
 M3                 0             0             0             0             0
 M4                 0             0             0             0             0
 M5                 0             0             0             0             0
 X                  0             0             0             0             0
 Z                  0             0             0             0             0


           LAMBDA
              EM2           EM3           EM4           EM5           EY1
              ________      ________      ________      ________      ________
 Y1                 0             0             0             0             0
 Y2                 0             0             0             0             0
 Y3                 0             0             0             0             0
 Y4                 0             0             0             0             0
 Y5                 0             0             0             0             0
 M1                 0             0             0             0             0
 M2                 0             0             0             0             0
 M3                 0             0             0             0             0
 M4                 0             0             0             0             0
 M5                 0             0             0             0             0
 X                  0             0             0             0             0
 Z                  0             0             0             0             0


           LAMBDA
              EY2           EY3           EY4           EY5           X
              ________      ________      ________      ________      ________
 Y1                 0             0             0             0             0
 Y2                 0             0             0             0             0
 Y3                 0             0             0             0             0
 Y4                 0             0             0             0             0
 Y5                 0             0             0             0             0
 M1                 0             0             0             0             0
 M2                 0             0             0             0             0
 M3                 0             0             0             0             0
 M4                 0             0             0             0             0
 M5                 0             0             0             0             0
 X                  0             0             0             0             0
 Z                  0             0             0             0             0


           LAMBDA
              Z
              ________
 Y1                 0
 Y2                 0
 Y3                 0
 Y4                 0
 Y5                 0
 M1                 0
 M2                 0
 M3                 0
 M4                 0
 M5                 0
 X                  0
 Z                  0


           THETA
              Y1            Y2            Y3            Y4            Y5
              ________      ________      ________      ________      ________
 Y1                 0
 Y2                 0             0
 Y3                 0             0             0
 Y4                 0             0             0             0
 Y5                 0             0             0             0             0
 M1                 0             0             0             0             0
 M2                 0             0             0             0             0
 M3                 0             0             0             0             0
 M4                 0             0             0             0             0
 M5                 0             0             0             0             0
 X                  0             0             0             0             0
 Z                  0             0             0             0             0


           THETA
              M1            M2            M3            M4            M5
              ________      ________      ________      ________      ________
 M1                 0
 M2                 0             0
 M3                 0             0             0
 M4                 0             0             0             0
 M5                 0             0             0             0             0
 X                  0             0             0             0             0
 Z                  0             0             0             0             0


           THETA
              X             Z
              ________      ________
 X                  0
 Z                  0             0


           ALPHA
              IM            SM            IY            SY            EM1
              ________      ________      ________      ________      ________
                  1             2             3             4             0


           ALPHA
              EM2           EM3           EM4           EM5           EY1
              ________      ________      ________      ________      ________
                  0             0             0             0             0


           ALPHA
              EY2           EY3           EY4           EY5           X
              ________      ________      ________      ________      ________
                  0             0             0             0             0


           ALPHA
              Z
              ________
                  0


           BETA
              IM            SM            IY            SY            EM1
              ________      ________      ________      ________      ________
 IM                 0             0             0             0             0
 SM                 0             0             0             0             0
 IY                 7             8             0             0             0
 SY                11            12             0             0             0
 EM1                0             0             0             0             0
 EM2                0             0             0             0             0
 EM3                0             0             0             0             0
 EM4                0             0             0             0             0
 EM5                0             0             0             0             0
 EY1                0             0             0             0             0
 EY2                0             0             0             0             0
 EY3                0             0             0             0             0
 EY4                0             0             0             0             0
 EY5                0             0             0             0             0
 X                  0             0             0             0             0
 Z                  0             0             0             0             0


           BETA
              EM2           EM3           EM4           EM5           EY1
              ________      ________      ________      ________      ________
 IM                 0             0             0             0             0
 SM                 0             0             0             0             0
 IY                 0             0             0             0             0
 SY                 0             0             0             0             0
 EM1                0             0             0             0             0
 EM2                0             0             0             0             0
 EM3                0             0             0             0             0
 EM4                0             0             0             0             0
 EM5                0             0             0             0             0
 EY1                0             0             0             0             0
 EY2                0             0             0             0             0
 EY3                0             0             0             0             0
 EY4                0             0             0             0             0
 EY5                0             0             0             0             0
 X                  0             0             0             0             0
 Z                  0             0             0             0             0


           BETA
              EY2           EY3           EY4           EY5           X
              ________      ________      ________      ________      ________
 IM                 0             0             0             0             5
 SM                 0             0             0             0             6
 IY                 0             0             0             0             9
 SY                 0             0             0             0            13
 EM1                0             0             0             0             0
 EM2                0             0             0             0             0
 EM3                0             0             0             0             0
 EM4                0             0             0             0             0
 EM5                0             0             0             0             0
 EY1                0             0             0             0             0
 EY2                0             0             0             0             0
 EY3                0             0             0             0             0
 EY4                0             0             0             0             0
 EY5                0             0             0             0             0
 X                  0             0             0             0             0
 Z                  0             0             0             0             0


           BETA
              Z
              ________
 IM                 0
 SM                 0
 IY                10
 SY                14
 EM1                0
 EM2                0
 EM3                0
 EM4                0
 EM5                0
 EY1                0
 EY2                0
 EY3                0
 EY4                0
 EY5                0
 X                  0
 Z                  0


           PSI
              IM            SM            IY            SY            EM1
              ________      ________      ________      ________      ________
 IM                15
 SM                16            17
 IY                 0             0            18
 SY                 0             0            19            20
 EM1                0             0             0             0            21
 EM2                0             0             0             0             0
 EM3                0             0             0             0             0
 EM4                0             0             0             0             0
 EM5                0             0             0             0             0
 EY1                0             0             0             0             0
 EY2                0             0             0             0             0
 EY3                0             0             0             0             0
 EY4                0             0             0             0             0
 EY5                0             0             0             0             0
 X                  0             0             0             0             0
 Z                  0             0             0             0             0


           PSI
              EM2           EM3           EM4           EM5           EY1
              ________      ________      ________      ________      ________
 EM2               21
 EM3                0            21
 EM4                0             0            21
 EM5                0             0             0            21
 EY1                0             0             0             0            22
 EY2                0             0             0             0             0
 EY3                0             0             0             0             0
 EY4                0             0             0             0             0
 EY5                0             0             0             0             0
 X                  0             0             0             0             0
 Z                  0             0             0             0             0


           PSI
              EY2           EY3           EY4           EY5           X
              ________      ________      ________      ________      ________
 EY2               22
 EY3                0            22
 EY4                0             0            22
 EY5                0             0             0            22
 X                  0             0             0             0             0
 Z                  0             0             0             0             0


           PSI
              Z
              ________
 Z                  0


     PARAMETER SPECIFICATION FOR THE ADDITIONAL PARAMETERS


           New/Additional Parameters
              DETISM        INISM11       INISM22       INISM12       X_IM_IY
              ________      ________      ________      ________      ________
                   23            24            25            26            27


           New/Additional Parameters
              X_SM_IY       X_IM_SY       X_SM_SY       X_TO_IY       X_TO_SY
              ________      ________      ________      ________      ________
                   28            29            30            31            32


     STARTING VALUES


           NU
              Y1            Y2            Y3            Y4            Y5
              ________      ________      ________      ________      ________
                0.000         0.000         0.000         0.000         0.000


           NU
              M1            M2            M3            M4            M5
              ________      ________      ________      ________      ________
                0.000         0.000         0.000         0.000         0.000


           NU
              X             Z
              ________      ________
                0.000         0.000


           LAMBDA
              IM            SM            IY            SY            EM1
              ________      ________      ________      ________      ________
 Y1             0.000         0.000         1.000        -4.000         0.000
 Y2             0.000         0.000         1.000        -3.000         0.000
 Y3             0.000         0.000         1.000        -2.000         0.000
 Y4             0.000         0.000         1.000        -1.000         0.000
 Y5             0.000         0.000         1.000         0.000         0.000
 M1             1.000         0.000         0.000         0.000         1.000
 M2             1.000         1.000         0.000         0.000         0.000
 M3             1.000         2.000         0.000         0.000         0.000
 M4             1.000         3.000         0.000         0.000         0.000
 M5             1.000         4.000         0.000         0.000         0.000
 X              0.000         0.000         0.000         0.000         0.000
 Z              0.000         0.000         0.000         0.000         0.000


           LAMBDA
              EM2           EM3           EM4           EM5           EY1
              ________      ________      ________      ________      ________
 Y1             0.000         0.000         0.000         0.000         1.000
 Y2             0.000         0.000         0.000         0.000         0.000
 Y3             0.000         0.000         0.000         0.000         0.000
 Y4             0.000         0.000         0.000         0.000         0.000
 Y5             0.000         0.000         0.000         0.000         0.000
 M1             0.000         0.000         0.000         0.000         0.000
 M2             1.000         0.000         0.000         0.000         0.000
 M3             0.000         1.000         0.000         0.000         0.000
 M4             0.000         0.000         1.000         0.000         0.000
 M5             0.000         0.000         0.000         1.000         0.000
 X              0.000         0.000         0.000         0.000         0.000
 Z              0.000         0.000         0.000         0.000         0.000


           LAMBDA
              EY2           EY3           EY4           EY5           X
              ________      ________      ________      ________      ________
 Y1             0.000         0.000         0.000         0.000         0.000
 Y2             1.000         0.000         0.000         0.000         0.000
 Y3             0.000         1.000         0.000         0.000         0.000
 Y4             0.000         0.000         1.000         0.000         0.000
 Y5             0.000         0.000         0.000         1.000         0.000
 M1             0.000         0.000         0.000         0.000         0.000
 M2             0.000         0.000         0.000         0.000         0.000
 M3             0.000         0.000         0.000         0.000         0.000
 M4             0.000         0.000         0.000         0.000         0.000
 M5             0.000         0.000         0.000         0.000         0.000
 X              0.000         0.000         0.000         0.000         1.000
 Z              0.000         0.000         0.000         0.000         0.000


           LAMBDA
              Z
              ________
 Y1             0.000
 Y2             0.000
 Y3             0.000
 Y4             0.000
 Y5             0.000
 M1             0.000
 M2             0.000
 M3             0.000
 M4             0.000
 M5             0.000
 X              0.000
 Z              1.000


           THETA
              Y1            Y2            Y3            Y4            Y5
              ________      ________      ________      ________      ________
 Y1             0.000
 Y2             0.000         0.000
 Y3             0.000         0.000         0.000
 Y4             0.000         0.000         0.000         0.000
 Y5             0.000         0.000         0.000         0.000         0.000
 M1             0.000         0.000         0.000         0.000         0.000
 M2             0.000         0.000         0.000         0.000         0.000
 M3             0.000         0.000         0.000         0.000         0.000
 M4             0.000         0.000         0.000         0.000         0.000
 M5             0.000         0.000         0.000         0.000         0.000
 X              0.000         0.000         0.000         0.000         0.000
 Z              0.000         0.000         0.000         0.000         0.000


           THETA
              M1            M2            M3            M4            M5
              ________      ________      ________      ________      ________
 M1             0.000
 M2             0.000         0.000
 M3             0.000         0.000         0.000
 M4             0.000         0.000         0.000         0.000
 M5             0.000         0.000         0.000         0.000         0.000
 X              0.000         0.000         0.000         0.000         0.000
 Z              0.000         0.000         0.000         0.000         0.000


           THETA
              X             Z
              ________      ________
 X              0.000
 Z              0.000         0.000


           ALPHA
              IM            SM            IY            SY            EM1
              ________      ________      ________      ________      ________
                0.000         0.000         0.000         0.000         0.000


           ALPHA
              EM2           EM3           EM4           EM5           EY1
              ________      ________      ________      ________      ________
                0.000         0.000         0.000         0.000         0.000


           ALPHA
              EY2           EY3           EY4           EY5           X
              ________      ________      ________      ________      ________
                0.000         0.000         0.000         0.000        -0.011


           ALPHA
              Z
              ________
               -0.028


           BETA
              IM            SM            IY            SY            EM1
              ________      ________      ________      ________      ________
 IM             0.000         0.000         0.000         0.000         0.000
 SM             0.000         0.000         0.000         0.000         0.000
 IY             0.000         0.000         0.000         0.000         0.000
 SY             0.000         0.000         0.000         0.000         0.000
 EM1            0.000         0.000         0.000         0.000         0.000
 EM2            0.000         0.000         0.000         0.000         0.000
 EM3            0.000         0.000         0.000         0.000         0.000
 EM4            0.000         0.000         0.000         0.000         0.000
 EM5            0.000         0.000         0.000         0.000         0.000
 EY1            0.000         0.000         0.000         0.000         0.000
 EY2            0.000         0.000         0.000         0.000         0.000
 EY3            0.000         0.000         0.000         0.000         0.000
 EY4            0.000         0.000         0.000         0.000         0.000
 EY5            0.000         0.000         0.000         0.000         0.000
 X              0.000         0.000         0.000         0.000         0.000
 Z              0.000         0.000         0.000         0.000         0.000


           BETA
              EM2           EM3           EM4           EM5           EY1
              ________      ________      ________      ________      ________
 IM             0.000         0.000         0.000         0.000         0.000
 SM             0.000         0.000         0.000         0.000         0.000
 IY             0.000         0.000         0.000         0.000         0.000
 SY             0.000         0.000         0.000         0.000         0.000
 EM1            0.000         0.000         0.000         0.000         0.000
 EM2            0.000         0.000         0.000         0.000         0.000
 EM3            0.000         0.000         0.000         0.000         0.000
 EM4            0.000         0.000         0.000         0.000         0.000
 EM5            0.000         0.000         0.000         0.000         0.000
 EY1            0.000         0.000         0.000         0.000         0.000
 EY2            0.000         0.000         0.000         0.000         0.000
 EY3            0.000         0.000         0.000         0.000         0.000
 EY4            0.000         0.000         0.000         0.000         0.000
 EY5            0.000         0.000         0.000         0.000         0.000
 X              0.000         0.000         0.000         0.000         0.000
 Z              0.000         0.000         0.000         0.000         0.000


           BETA
              EY2           EY3           EY4           EY5           X
              ________      ________      ________      ________      ________
 IM             0.000         0.000         0.000         0.000         0.000
 SM             0.000         0.000         0.000         0.000         0.000
 IY             0.000         0.000         0.000         0.000         0.000
 SY             0.000         0.000         0.000         0.000         0.000
 EM1            0.000         0.000         0.000         0.000         0.000
 EM2            0.000         0.000         0.000         0.000         0.000
 EM3            0.000         0.000         0.000         0.000         0.000
 EM4            0.000         0.000         0.000         0.000         0.000
 EM5            0.000         0.000         0.000         0.000         0.000
 EY1            0.000         0.000         0.000         0.000         0.000
 EY2            0.000         0.000         0.000         0.000         0.000
 EY3            0.000         0.000         0.000         0.000         0.000
 EY4            0.000         0.000         0.000         0.000         0.000
 EY5            0.000         0.000         0.000         0.000         0.000
 X              0.000         0.000         0.000         0.000         0.000
 Z              0.000         0.000         0.000         0.000         0.000


           BETA
              Z
              ________
 IM             0.000
 SM             0.000
 IY             0.000
 SY             0.000
 EM1            0.000
 EM2            0.000
 EM3            0.000
 EM4            0.000
 EM5            0.000
 EY1            0.000
 EY2            0.000
 EY3            0.000
 EY4            0.000
 EY5            0.000
 X              0.000
 Z              0.000


           PSI
              IM            SM            IY            SY            EM1
              ________      ________      ________      ________      ________
 IM             0.050
 SM             0.000         0.050
 IY             0.000         0.000         0.050
 SY             0.000         0.000         0.000         0.050
 EM1            0.000         0.000         0.000         0.000         0.050
 EM2            0.000         0.000         0.000         0.000         0.000
 EM3            0.000         0.000         0.000         0.000         0.000
 EM4            0.000         0.000         0.000         0.000         0.000
 EM5            0.000         0.000         0.000         0.000         0.000
 EY1            0.000         0.000         0.000         0.000         0.000
 EY2            0.000         0.000         0.000         0.000         0.000
 EY3            0.000         0.000         0.000         0.000         0.000
 EY4            0.000         0.000         0.000         0.000         0.000
 EY5            0.000         0.000         0.000         0.000         0.000
 X              0.000         0.000         0.000         0.000         0.000
 Z              0.000         0.000         0.000         0.000         0.000


           PSI
              EM2           EM3           EM4           EM5           EY1
              ________      ________      ________      ________      ________
 EM2            0.050
 EM3            0.000         0.050
 EM4            0.000         0.000         0.050
 EM5            0.000         0.000         0.000         0.050
 EY1            0.000         0.000         0.000         0.000         0.050
 EY2            0.000         0.000         0.000         0.000         0.000
 EY3            0.000         0.000         0.000         0.000         0.000
 EY4            0.000         0.000         0.000         0.000         0.000
 EY5            0.000         0.000         0.000         0.000         0.000
 X              0.000         0.000         0.000         0.000         0.000
 Z              0.000         0.000         0.000         0.000         0.000


           PSI
              EY2           EY3           EY4           EY5           X
              ________      ________      ________      ________      ________
 EY2            0.050
 EY3            0.000         0.050
 EY4            0.000         0.000         0.050
 EY5            0.000         0.000         0.000         0.050
 X              0.000         0.000         0.000         0.000         0.865
 Z              0.000         0.000         0.000         0.000         0.056


           PSI
              Z
              ________
 Z              0.951


     STARTING VALUES FOR THE ADDITIONAL PARAMETERS


           New/Additional Parameters
              DETISM        INISM11       INISM22       INISM12       X_IM_IY
              ________      ________      ________      ________      ________
                0.500         0.500         0.500         0.500         0.500


           New/Additional Parameters
              X_SM_IY       X_IM_SY       X_SM_SY       X_TO_IY       X_TO_SY
              ________      ________      ________      ________      ________
                0.500         0.500         0.500         0.500         0.500


TECHNICAL 3 OUTPUT


           ESTIMATED COVARIANCE MATRIX FOR PARAMETER ESTIMATES
                  1             2             3             4             5
              ________      ________      ________      ________      ________
      1     0.620864D-02
      2    -0.321507D-03  0.344486D-02
      3    -0.199582D-03  0.326296D-04  0.632789D-02
      4    -0.983208D-03  0.303569D-03  0.191735D-02  0.438054D-02
      5     0.770620D-04 -0.399057D-05 -0.247266D-05 -0.121970D-04  0.717676D-02
      6    -0.399057D-05  0.427578D-04  0.403340D-06  0.376548D-05 -0.371640D-03
      7     0.180556D-07 -0.651901D-08  0.129383D-02  0.403109D-03  0.599127D-07
      8    -0.105452D-07  0.405827D-08 -0.968688D-03 -0.298169D-03 -0.345190D-07
      9    -0.247880D-05  0.405425D-06  0.793940D-04  0.221085D-04 -0.230711D-03
     10     0.563532D-09 -0.316384D-09  0.266654D-03  0.794206D-04  0.168064D-08
     11    -0.336255D-09 -0.395152D-09  0.403272D-03  0.956214D-03  0.867013D-07
     12    -0.772742D-09 -0.824248D-09 -0.297893D-03 -0.699673D-03 -0.506379D-07
     13    -0.122030D-04  0.376859D-05  0.218700D-04  0.465085D-04 -0.113653D-02
     14     0.120517D-09 -0.676670D-10  0.794213D-04  0.177121D-03  0.202840D-08
     15     0.170181D-07 -0.809293D-09 -0.581157D-04 -0.290510D-03 -0.536075D-07
     16    -0.241179D-08  0.489935D-08  0.183253D-04  0.109610D-03  0.258220D-07
     17     0.209699D-09 -0.223455D-08 -0.512134D-05 -0.424696D-04 -0.470431D-08
     18    -0.772145D-09  0.275054D-09 -0.539898D-04 -0.166738D-04 -0.246090D-08
     19    -0.208593D-08  0.758310D-09 -0.156809D-03 -0.647801D-04 -0.813920D-08
     20    -0.438715D-09  0.178156D-09 -0.909028D-04 -0.210695D-03 -0.175150D-07
     21     0.118334D-09 -0.777697D-11  0.135704D-04  0.735778D-04  0.101819D-07
     22     0.735665D-19 -0.656713D-19 -0.148113D-18 -0.235158D-17  0.279177D-17
     23     0.108675D-07 -0.320454D-08 -0.425848D-04 -0.228775D-03 -0.414538D-07
     24    -0.418976D-07  0.679066D-08  0.153167D-03  0.784548D-03  0.149819D-06
     25    -0.495370D-08  0.122387D-07  0.413582D-04  0.277756D-03  0.478517D-07
     26     0.149094D-07 -0.151213D-07 -0.811488D-04 -0.464533D-03 -0.994373D-07
     27     0.110866D-04 -0.576544D-06  0.564861D-03  0.174347D-03  0.103178D-02
     28    -0.875033D-06  0.930996D-05 -0.584779D-03 -0.179207D-03 -0.809194D-04
     29     0.310172D-04 -0.160637D-05  0.175176D-03  0.412818D-03  0.288867D-02
     30    -0.619767D-06  0.663513D-05 -0.179797D-03 -0.421859D-03 -0.577058D-04
     31     0.102115D-04  0.873342D-05 -0.199185D-04 -0.485976D-05  0.950860D-03
     32     0.303974D-04  0.502876D-05 -0.462081D-05 -0.904112D-05  0.283097D-02


           ESTIMATED COVARIANCE MATRIX FOR PARAMETER ESTIMATES
                  6             7             8             9            10
              ________      ________      ________      ________      ________
      6     0.398202D-02
      7    -0.207360D-07  0.187841D-01
      8     0.140795D-07 -0.706618D-02  0.151550D-01
      9     0.377188D-04 -0.392446D-02 -0.589508D-02  0.123803D-01
     10    -0.943563D-09 -0.231342D-03 -0.257709D-02  0.119228D-02  0.712284D-02
     11    -0.292498D-07  0.584615D-02 -0.221477D-02 -0.121221D-02 -0.689135D-04
     12     0.225625D-07 -0.220989D-02  0.461727D-02 -0.177228D-02 -0.767566D-03
     13     0.350904D-03 -0.121517D-02 -0.177015D-02  0.375245D-02  0.355113D-03
     14    -0.113879D-08 -0.689065D-04 -0.767571D-03  0.355113D-03  0.212150D-02
     15     0.992315D-08 -0.880583D-03  0.244594D-03  0.237009D-03  0.178508D-07
     16    -0.119346D-07  0.164008D-03 -0.274845D-03  0.942957D-04 -0.108792D-07
     17     0.200923D-07 -0.399438D-04  0.870617D-04 -0.351160D-04  0.699123D-08
     18     0.857964D-09 -0.783618D-03  0.294500D-03  0.163812D-03  0.967784D-05
     19     0.287691D-08 -0.210187D-02  0.110253D-02  0.255133D-03 -0.406173D-04
     20     0.620181D-08 -0.121410D-02  0.645523D-03  0.142247D-03 -0.250523D-04
     21    -0.335541D-08  0.195724D-03 -0.743375D-04 -0.406202D-04 -0.622622D-08
     22    -0.200096D-17 -0.122636D-16 -0.545222D-17  0.105577D-16  0.946277D-17
     23     0.225175D-07 -0.591752D-03  0.272302D-03  0.941018D-04  0.180572D-07
     24    -0.364730D-07  0.220834D-02 -0.840318D-03 -0.457365D-03 -0.526053D-07
     25    -0.751496D-07  0.387730D-03 -0.589721D-03  0.186676D-03 -0.349295D-07
     26     0.486571D-07 -0.895530D-03  0.922639D-03 -0.165846D-03  0.423703D-07
     27    -0.534372D-04  0.820592D-02 -0.308690D-02 -0.174759D-02 -0.101062D-03
     28     0.866814D-03 -0.426637D-02  0.915016D-02 -0.355108D-02 -0.155598D-02
     29    -0.149597D-03  0.255394D-02 -0.967547D-03 -0.622421D-03 -0.301045D-04
     30     0.617988D-03 -0.133427D-02  0.278778D-02 -0.106420D-02 -0.463435D-03
     31     0.813377D-03  0.393955D-02  0.606326D-02 -0.529867D-02 -0.165704D-02
     32     0.468390D-03  0.121967D-02  0.182023D-02 -0.168662D-02 -0.493540D-03


           ESTIMATED COVARIANCE MATRIX FOR PARAMETER ESTIMATES
                 11            12            13            14            15
              ________      ________      ________      ________      ________
     11     0.138148D-01
     12    -0.532558D-02  0.106860D-01
     13    -0.280961D-02 -0.401371D-02  0.856770D-02
     14    -0.153673D-03 -0.171180D-02  0.791955D-03  0.473127D-02
     15    -0.435759D-02  0.129964D-02  0.111896D-02  0.114499D-08  0.164616D-01
     16     0.108815D-02 -0.145748D-02  0.404618D-03 -0.421511D-08 -0.114753D-02
     17    -0.289969D-03  0.793720D-03 -0.352550D-03  0.448318D-08  0.215890D-03
     18    -0.241640D-03  0.915125D-04  0.500996D-04  0.288261D-05  0.239717D-04
     19    -0.886370D-03  0.430138D-03  0.128081D-03 -0.931230D-05  0.106529D-03
     20    -0.281305D-02  0.149976D-02  0.326973D-03 -0.558724D-04  0.516826D-03
     21     0.992918D-03 -0.521806D-03 -0.118710D-03 -0.171874D-08 -0.174556D-02
     22    -0.417917D-16  0.671619D-18  0.136859D-16  0.127361D-16  0.994617D-17
     23    -0.305895D-02  0.167166D-02  0.327022D-03  0.476811D-08  0.102305D-01
     24     0.112018D-01 -0.449483D-02 -0.217973D-02 -0.713778D-08 -0.393943D-01
     25     0.250214D-02 -0.413736D-02  0.140494D-02 -0.183618D-07 -0.353389D-02
     26    -0.524472D-02  0.507564D-02 -0.773328D-03  0.146256D-07  0.111600D-01
     27     0.255393D-02 -0.965407D-03 -0.694243D-03 -0.301019D-04 -0.384695D-03
     28    -0.133722D-02  0.278778D-02 -0.992381D-03 -0.463439D-03  0.147681D-03
     29     0.603509D-02 -0.232653D-02 -0.168484D-02 -0.671320D-04 -0.190366D-02
     30    -0.321544D-02  0.645194D-02 -0.236891D-02 -0.103354D-02  0.784688D-03
     31     0.121671D-02  0.182238D-02 -0.168662D-02 -0.493540D-03 -0.237014D-03
     32     0.281964D-02  0.412542D-02 -0.405375D-02 -0.110067D-02 -0.111897D-02


           ESTIMATED COVARIANCE MATRIX FOR PARAMETER ESTIMATES
                 16            17            18            19            20
              ________      ________      ________      ________      ________
     16     0.441342D-02
     17    -0.501201D-03  0.477472D-02
     18    -0.528050D-05  0.176396D-05  0.165951D-01
     19    -0.278670D-04  0.862970D-05  0.506157D-02  0.617867D-02
     20    -0.162751D-03  0.585435D-04  0.160944D-02  0.330318D-02  0.743716D-02
     21     0.581834D-03 -0.290913D-03 -0.134377D-04 -0.468527D-04 -0.217097D-03
     22    -0.178458D-17 -0.100392D-18 -0.191345D-02 -0.637815D-03 -0.318908D-03
     23    -0.210637D-02  0.350314D-02  0.167697D-04  0.761412D-04  0.387509D-03
     24     0.694133D-02 -0.145187D-02 -0.609639D-04 -0.275211D-03 -0.136320D-02
     25     0.646825D-02 -0.150918D-01 -0.135057D-04 -0.672408D-04 -0.407099D-03
     26    -0.129944D-01  0.409866D-02  0.269986D-04  0.132549D-03  0.728176D-03
     27     0.716514D-04 -0.174503D-04 -0.342328D-03 -0.918212D-03 -0.530388D-03
     28    -0.165946D-03  0.525698D-04  0.177811D-03  0.665675D-03  0.389750D-03
     29     0.475373D-03 -0.126676D-03 -0.105563D-03 -0.387218D-03 -0.122890D-02
     30    -0.879987D-03  0.479229D-03  0.552529D-04  0.259706D-03  0.905516D-03
     31    -0.942947D-04  0.351195D-04 -0.164516D-03 -0.252537D-03 -0.140638D-03
     32    -0.404614D-03  0.352553D-03 -0.503099D-04 -0.127512D-03 -0.323387D-03


           ESTIMATED COVARIANCE MATRIX FOR PARAMETER ESTIMATES
                 21            22            23            24            25
              ________      ________      ________      ________      ________
     21     0.290924D-02
     22    -0.269581D-17  0.318908D-02
     23    -0.138014D-02  0.629156D-17  0.899386D-02
     24     0.464408D-02 -0.248239D-16 -0.261478D-01  0.983819D-01
     25     0.169357D-02 -0.262758D-17 -0.139676D-01  0.158933D-01  0.533284D-01
     26    -0.259904D-02  0.962591D-17  0.126216D-01 -0.387880D-01 -0.277883D-01
     27     0.855046D-04 -0.495607D-17 -0.258516D-03  0.964746D-03  0.169389D-03
     28    -0.448836D-04 -0.372747D-17  0.164413D-03 -0.507369D-03 -0.356073D-03
     29     0.433765D-03 -0.171332D-16 -0.133633D-02  0.489362D-02  0.109309D-02
     30    -0.315053D-03  0.949733D-19  0.100931D-02 -0.271386D-02 -0.249804D-02
     31     0.406210D-04 -0.868353D-17 -0.941026D-04  0.457377D-03 -0.186685D-03
     32     0.118712D-03 -0.170383D-16 -0.327028D-03  0.217976D-02 -0.140494D-02


           ESTIMATED COVARIANCE MATRIX FOR PARAMETER ESTIMATES
                 26            27            28            29            30
              ________      ________      ________      ________      ________
     26     0.434187D-01
     27    -0.391231D-03  0.373313D-02
     28     0.557075D-03 -0.187542D-02  0.571330D-02
     29    -0.229122D-02  0.153099D-02 -0.616742D-03  0.379914D-02
     30     0.306454D-02 -0.591179D-03  0.181771D-02 -0.142791D-02  0.399141D-02
     31     0.165843D-03  0.185771D-02  0.383789D-02  0.914245D-03  0.122653D-02
     32     0.773313D-03  0.939808D-03  0.120097D-02  0.237123D-02  0.256350D-02


           ESTIMATED COVARIANCE MATRIX FOR PARAMETER ESTIMATES
                 31            32
              ________      ________
     31     0.569560D-02
     32     0.214077D-02  0.493474D-02


           ESTIMATED CORRELATION MATRIX FOR PARAMETER ESTIMATES
                  1             2             3             4             5
              ________      ________      ________      ________      ________
      1         1.000
      2        -0.070         1.000
      3        -0.032         0.007         1.000
      4        -0.189         0.078         0.364         1.000
      5         0.012        -0.001         0.000        -0.002         1.000
      6        -0.001         0.012         0.000         0.001        -0.070
      7         0.000         0.000         0.119         0.044         0.000
      8         0.000         0.000        -0.099        -0.037         0.000
      9         0.000         0.000         0.009         0.003        -0.024
     10         0.000         0.000         0.040         0.014         0.000
     11         0.000         0.000         0.043         0.123         0.000
     12         0.000         0.000        -0.036        -0.102         0.000
     13        -0.002         0.001         0.003         0.008        -0.145
     14         0.000         0.000         0.015         0.039         0.000
     15         0.000         0.000        -0.006        -0.034         0.000
     16         0.000         0.000         0.003         0.025         0.000
     17         0.000         0.000        -0.001        -0.009         0.000
     18         0.000         0.000        -0.005        -0.002         0.000
     19         0.000         0.000        -0.025        -0.012         0.000
     20         0.000         0.000        -0.013        -0.037         0.000
     21         0.000         0.000         0.003         0.021         0.000
     22         0.000         0.000         0.000         0.000         0.000
     23         0.000         0.000        -0.006        -0.036         0.000
     24         0.000         0.000         0.006         0.038         0.000
     25         0.000         0.000         0.002         0.018         0.000
     26         0.000         0.000        -0.005        -0.034         0.000
     27         0.002         0.000         0.116         0.043         0.199
     28         0.000         0.002        -0.097        -0.036        -0.013
     29         0.006         0.000         0.036         0.101         0.553
     30         0.000         0.002        -0.036        -0.101        -0.011
     31         0.002         0.002        -0.003        -0.001         0.149
     32         0.005         0.001        -0.001        -0.002         0.476


           ESTIMATED CORRELATION MATRIX FOR PARAMETER ESTIMATES
                  6             7             8             9            10
              ________      ________      ________      ________      ________
      6         1.000
      7         0.000         1.000
      8         0.000        -0.419         1.000
      9         0.005        -0.257        -0.430         1.000
     10         0.000        -0.020        -0.248         0.127         1.000
     11         0.000         0.363        -0.153        -0.093        -0.007
     12         0.000        -0.156         0.363        -0.154        -0.088
     13         0.060        -0.096        -0.155         0.364         0.045
     14         0.000        -0.007        -0.091         0.046         0.365
     15         0.000        -0.050         0.015         0.017         0.000
     16         0.000         0.018        -0.034         0.013         0.000
     17         0.000        -0.004         0.010        -0.005         0.000
     18         0.000        -0.044         0.019         0.011         0.001
     19         0.000        -0.195         0.114         0.029        -0.006
     20         0.000        -0.103         0.061         0.015        -0.003
     21         0.000         0.026        -0.011        -0.007         0.000
     22         0.000         0.000         0.000         0.000         0.000
     23         0.000        -0.046         0.023         0.009         0.000
     24         0.000         0.051        -0.022        -0.013         0.000
     25         0.000         0.012        -0.021         0.007         0.000
     26         0.000        -0.031         0.036        -0.007         0.000
     27        -0.014         0.980        -0.410        -0.257        -0.020
     28         0.182        -0.412         0.983        -0.422        -0.244
     29        -0.038         0.302        -0.128        -0.091        -0.006
     30         0.155        -0.154         0.358        -0.151        -0.087
     31         0.171         0.381         0.653        -0.631        -0.260
     32         0.106         0.127         0.210        -0.216        -0.083


           ESTIMATED CORRELATION MATRIX FOR PARAMETER ESTIMATES
                 11            12            13            14            15
              ________      ________      ________      ________      ________
     11         1.000
     12        -0.438         1.000
     13        -0.258        -0.419         1.000
     14        -0.019        -0.241         0.124         1.000
     15        -0.289         0.098         0.094         0.000         1.000
     16         0.139        -0.212         0.066         0.000        -0.135
     17        -0.036         0.111        -0.055         0.000         0.024
     18        -0.016         0.007         0.004         0.000         0.001
     19        -0.096         0.053         0.018        -0.002         0.011
     20        -0.278         0.168         0.041        -0.009         0.047
     21         0.157        -0.094        -0.024         0.000        -0.252
     22         0.000         0.000         0.000         0.000         0.000
     23        -0.274         0.171         0.037         0.000         0.841
     24         0.304        -0.139        -0.075         0.000        -0.979
     25         0.092        -0.173         0.066         0.000        -0.119
     26        -0.214         0.236        -0.040         0.000         0.417
     27         0.356        -0.153        -0.123        -0.007        -0.049
     28        -0.151         0.357        -0.142        -0.089         0.015
     29         0.833        -0.365        -0.295        -0.016        -0.241
     30        -0.433         0.988        -0.405        -0.238         0.097
     31         0.137         0.234        -0.241        -0.095        -0.024
     32         0.341         0.568        -0.623        -0.228        -0.124


           ESTIMATED CORRELATION MATRIX FOR PARAMETER ESTIMATES
                 16            17            18            19            20
              ________      ________      ________      ________      ________
     16         1.000
     17        -0.109         1.000
     18        -0.001         0.000         1.000
     19        -0.005         0.002         0.500         1.000
     20        -0.028         0.010         0.145         0.487         1.000
     21         0.162        -0.078        -0.002        -0.011        -0.047
     22         0.000         0.000        -0.263        -0.144        -0.065
     23        -0.334         0.535         0.001         0.010         0.047
     24         0.333        -0.067        -0.002        -0.011        -0.050
     25         0.422        -0.946         0.000        -0.004        -0.020
     26        -0.939         0.285         0.001         0.008         0.041
     27         0.018        -0.004        -0.043        -0.191        -0.101
     28        -0.033         0.010         0.018         0.112         0.060
     29         0.116        -0.030        -0.013        -0.080        -0.231
     30        -0.210         0.110         0.007         0.052         0.166
     31        -0.019         0.007        -0.017        -0.043        -0.022
     32        -0.087         0.073        -0.006        -0.023        -0.053


           ESTIMATED CORRELATION MATRIX FOR PARAMETER ESTIMATES
                 21            22            23            24            25
              ________      ________      ________      ________      ________
     21         1.000
     22         0.000         1.000
     23        -0.270         0.000         1.000
     24         0.275         0.000        -0.879         1.000
     25         0.136         0.000        -0.638         0.219         1.000
     26        -0.231         0.000         0.639        -0.593        -0.577
     27         0.026         0.000        -0.045         0.050         0.012
     28        -0.011         0.000         0.023        -0.021        -0.020
     29         0.130         0.000        -0.229         0.253         0.077
     30        -0.092         0.000         0.168        -0.137        -0.171
     31         0.010         0.000        -0.013         0.019        -0.011
     32         0.031         0.000        -0.049         0.099        -0.087


           ESTIMATED CORRELATION MATRIX FOR PARAMETER ESTIMATES
                 26            27            28            29            30
              ________      ________      ________      ________      ________
     26         1.000
     27        -0.031         1.000
     28         0.035        -0.406         1.000
     29        -0.178         0.407        -0.132         1.000
     30         0.233        -0.153         0.381        -0.367         1.000
     31         0.011         0.403         0.673         0.197         0.257
     32         0.053         0.219         0.226         0.548         0.578


           ESTIMATED CORRELATION MATRIX FOR PARAMETER ESTIMATES
                 31            32
              ________      ________
     31         1.000
     32         0.404         1.000


TECHNICAL 4 OUTPUT


     ESTIMATES DERIVED FROM THE MODEL


           ESTIMATED MEANS FOR THE LATENT VARIABLES
              IM            SM            IY            SY            EM1
              ________      ________      ________      ________      ________
               -0.062         0.026         0.063         0.018         0.000


           ESTIMATED MEANS FOR THE LATENT VARIABLES
              EM2           EM3           EM4           EM5           EY1
              ________      ________      ________      ________      ________
                0.000         0.000         0.000         0.000         0.000


           ESTIMATED MEANS FOR THE LATENT VARIABLES
              EY2           EY3           EY4           EY5           X
              ________      ________      ________      ________      ________
                0.000         0.000         0.000         0.000        -0.011


           ESTIMATED MEANS FOR THE LATENT VARIABLES
              Z
              ________
               -0.028


           S.E. FOR ESTIMATED MEANS FOR THE LATENT VARIABLES
              IM            SM            IY            SY            EM1
              ________      ________      ________      ________      ________
                0.084         0.071         0.082         0.074         0.000


           S.E. FOR ESTIMATED MEANS FOR THE LATENT VARIABLES
              EM2           EM3           EM4           EM5           EY1
              ________      ________      ________      ________      ________
                0.000         0.000         0.000         0.000         0.000


           S.E. FOR ESTIMATED MEANS FOR THE LATENT VARIABLES
              EY2           EY3           EY4           EY5           X
              ________      ________      ________      ________      ________
                0.000         0.000         0.000         0.000         0.066


           S.E. FOR ESTIMATED MEANS FOR THE LATENT VARIABLES
              Z
              ________
                0.069


           EST./S.E. FOR ESTIMATED MEANS FOR THE LATENT VARIABLES
              IM            SM            IY            SY            EM1
              ________      ________      ________      ________      ________
               -0.735         0.370         0.759         0.244         0.000


           EST./S.E. FOR ESTIMATED MEANS FOR THE LATENT VARIABLES
              EM2           EM3           EM4           EM5           EY1
              ________      ________      ________      ________      ________
                0.000         0.000         0.000         0.000         0.000


           EST./S.E. FOR ESTIMATED MEANS FOR THE LATENT VARIABLES
              EY2           EY3           EY4           EY5           X
              ________      ________      ________      ________      ________
                0.000         0.000         0.000         0.000        -0.163


           EST./S.E. FOR ESTIMATED MEANS FOR THE LATENT VARIABLES
              Z
              ________
               -0.408


           TWO-TAILED P-VALUE FOR ESTIMATED MEANS FOR THE LATENT VARIABLES
              IM            SM            IY            SY            EM1
              ________      ________      ________      ________      ________
                0.463         0.711         0.448         0.808         1.000


           TWO-TAILED P-VALUE FOR ESTIMATED MEANS FOR THE LATENT VARIABLES
              EM2           EM3           EM4           EM5           EY1
              ________      ________      ________      ________      ________
                1.000         1.000         1.000         1.000         1.000


           TWO-TAILED P-VALUE FOR ESTIMATED MEANS FOR THE LATENT VARIABLES
              EY2           EY3           EY4           EY5           X
              ________      ________      ________      ________      ________
                1.000         1.000         1.000         1.000         0.870


           TWO-TAILED P-VALUE FOR ESTIMATED MEANS FOR THE LATENT VARIABLES
              Z
              ________
                0.683


           ESTIMATED COVARIANCE MATRIX FOR THE LATENT VARIABLES
              IM            SM            IY            SY            EM1
              ________      ________      ________      ________      ________
 IM             0.846
 SM             0.351         0.911
 IY             0.223         0.283         0.772
 SY             0.446         0.353         0.346         0.995
 EM1            0.000         0.000         0.000         0.000         0.934
 EM2            0.000         0.000         0.000         0.000         0.000
 EM3            0.000         0.000         0.000         0.000         0.000
 EM4            0.000         0.000         0.000         0.000         0.000
 EM5            0.000         0.000         0.000         0.000         0.000
 EY1            0.000         0.000         0.000         0.000         0.000
 EY2            0.000         0.000         0.000         0.000         0.000
 EY3            0.000         0.000         0.000         0.000         0.000
 EY4            0.000         0.000         0.000         0.000         0.000
 EY5            0.000         0.000         0.000         0.000         0.000
 X              0.378         0.522         0.226         0.350         0.000
 Z              0.025         0.034         0.120         0.163         0.000


           ESTIMATED COVARIANCE MATRIX FOR THE LATENT VARIABLES
              EM2           EM3           EM4           EM5           EY1
              ________      ________      ________      ________      ________
 EM2            0.934
 EM3            0.000         0.934
 EM4            0.000         0.000         0.934
 EM5            0.000         0.000         0.000         0.934
 EY1            0.000         0.000         0.000         0.000         0.978
 EY2            0.000         0.000         0.000         0.000         0.000
 EY3            0.000         0.000         0.000         0.000         0.000
 EY4            0.000         0.000         0.000         0.000         0.000
 EY5            0.000         0.000         0.000         0.000         0.000
 X              0.000         0.000         0.000         0.000         0.000
 Z              0.000         0.000         0.000         0.000         0.000


           ESTIMATED COVARIANCE MATRIX FOR THE LATENT VARIABLES
              EY2           EY3           EY4           EY5           X
              ________      ________      ________      ________      ________
 EY2            0.978
 EY3            0.000         0.978
 EY4            0.000         0.000         0.978
 EY5            0.000         0.000         0.000         0.978
 X              0.000         0.000         0.000         0.000         0.865
 Z              0.000         0.000         0.000         0.000         0.056


           ESTIMATED COVARIANCE MATRIX FOR THE LATENT VARIABLES
              Z
              ________
 Z              0.951


           S.E. FOR ESTIMATED COVARIANCE MATRIX FOR THE LATENT VARIABLES
              IM            SM            IY            SY            EM1
              ________      ________      ________      ________      ________
 IM             0.144
 SM             0.086         0.101
 IY             0.099         0.087         0.139
 SY             0.093         0.079         0.094         0.108
 EM1            0.000         0.000         0.000         0.000         0.054
 EM2            0.000         0.000         0.000         0.000         0.000
 EM3            0.000         0.000         0.000         0.000         0.000
 EM4            0.000         0.000         0.000         0.000         0.000
 EM5            0.000         0.000         0.000         0.000         0.000
 EY1            0.000         0.000         0.000         0.000         0.000
 EY2            0.000         0.000         0.000         0.000         0.000
 EY3            0.000         0.000         0.000         0.000         0.000
 EY4            0.000         0.000         0.000         0.000         0.000
 EY5            0.000         0.000         0.000         0.000         0.000
 X              0.082         0.076         0.078         0.073         0.000
 Z              0.028         0.039         0.083         0.072         0.000


           S.E. FOR ESTIMATED COVARIANCE MATRIX FOR THE LATENT VARIABLES
              EM2           EM3           EM4           EM5           EY1
              ________      ________      ________      ________      ________
 EM2            0.054
 EM3            0.000         0.054
 EM4            0.000         0.000         0.054
 EM5            0.000         0.000         0.000         0.054
 EY1            0.000         0.000         0.000         0.000         0.056
 EY2            0.000         0.000         0.000         0.000         0.000
 EY3            0.000         0.000         0.000         0.000         0.000
 EY4            0.000         0.000         0.000         0.000         0.000
 EY5            0.000         0.000         0.000         0.000         0.000
 X              0.000         0.000         0.000         0.000         0.000
 Z              0.000         0.000         0.000         0.000         0.000


           S.E. FOR ESTIMATED COVARIANCE MATRIX FOR THE LATENT VARIABLES
              EY2           EY3           EY4           EY5           X
              ________      ________      ________      ________      ________
 EY2            0.056
 EY3            0.000         0.056
 EY4            0.000         0.000         0.056
 EY5            0.000         0.000         0.000         0.056
 X              0.000         0.000         0.000         0.000         0.086
 Z              0.000         0.000         0.000         0.000         0.064


           S.E. FOR ESTIMATED COVARIANCE MATRIX FOR THE LATENT VARIABLES
              Z
              ________
 Z              0.095


           EST./S.E. FOR ESTIMATED COVARIANCE MATRIX FOR THE LATENT VARIABLES
              IM            SM            IY            SY            EM1
              ________      ________      ________      ________      ________
 IM             5.862
 SM             4.101         9.057
 IY             2.258         3.267         5.547
 SY             4.819         4.463         3.681         9.202
 EM1            0.000         0.000         0.000         0.000        17.320
 EM2            0.000         0.000         0.000         0.000         0.000
 EM3            0.000         0.000         0.000         0.000         0.000
 EM4            0.000         0.000         0.000         0.000         0.000
 EM5            0.000         0.000         0.000         0.000         0.000
 EY1            0.000         0.000         0.000         0.000         0.000
 EY2            0.000         0.000         0.000         0.000         0.000
 EY3            0.000         0.000         0.000         0.000         0.000
 EY4            0.000         0.000         0.000         0.000         0.000
 EY5            0.000         0.000         0.000         0.000         0.000
 X              4.583         6.913         2.881         4.795         0.000
 Z              0.866         0.875         1.457         2.267         0.000


           EST./S.E. FOR ESTIMATED COVARIANCE MATRIX FOR THE LATENT VARIABLES
              EM2           EM3           EM4           EM5           EY1
              ________      ________      ________      ________      ________
 EM2           17.320
 EM3            0.000        17.320
 EM4            0.000         0.000        17.320
 EM5            0.000         0.000         0.000        17.320
 EY1            0.000         0.000         0.000         0.000        17.320
 EY2            0.000         0.000         0.000         0.000         0.000
 EY3            0.000         0.000         0.000         0.000         0.000
 EY4            0.000         0.000         0.000         0.000         0.000
 EY5            0.000         0.000         0.000         0.000         0.000
 X              0.000         0.000         0.000         0.000         0.000
 Z              0.000         0.000         0.000         0.000         0.000


           EST./S.E. FOR ESTIMATED COVARIANCE MATRIX FOR THE LATENT VARIABLES
              EY2           EY3           EY4           EY5           X
              ________      ________      ________      ________      ________
 EY2           17.320
 EY3            0.000        17.320
 EY4            0.000         0.000        17.320
 EY5            0.000         0.000         0.000        17.320
 X              0.000         0.000         0.000         0.000        10.000
 Z              0.000         0.000         0.000         0.000         0.878


           EST./S.E. FOR ESTIMATED COVARIANCE MATRIX FOR THE LATENT VARIABLES
              Z
              ________
 Z             10.000


           TWO-TAILED P-VALUE FOR ESTIMATED COVARIANCE MATRIX FOR THE LATENT VARIABLES
              IM            SM            IY            SY            EM1
              ________      ________      ________      ________      ________
 IM             0.000
 SM             0.000         0.000
 IY             0.024         0.001         0.000
 SY             0.000         0.000         0.000         0.000
 EM1            1.000         1.000         1.000         1.000         0.000
 EM2            1.000         1.000         1.000         1.000         1.000
 EM3            1.000         1.000         1.000         1.000         1.000
 EM4            1.000         1.000         1.000         1.000         1.000
 EM5            1.000         1.000         1.000         1.000         1.000
 EY1            1.000         1.000         1.000         1.000         1.000
 EY2            1.000         1.000         1.000         1.000         1.000
 EY3            1.000         1.000         1.000         1.000         1.000
 EY4            1.000         1.000         1.000         1.000         1.000
 EY5            1.000         1.000         1.000         1.000         1.000
 X              0.000         0.000         0.004         0.000         1.000
 Z              0.387         0.382         0.145         0.023         1.000


           TWO-TAILED P-VALUE FOR ESTIMATED COVARIANCE MATRIX FOR THE LATENT VARIABLES
              EM2           EM3           EM4           EM5           EY1
              ________      ________      ________      ________      ________
 EM2            0.000
 EM3            1.000         0.000
 EM4            1.000         1.000         0.000
 EM5            1.000         1.000         1.000         0.000
 EY1            1.000         1.000         1.000         1.000         0.000
 EY2            1.000         1.000         1.000         1.000         1.000
 EY3            1.000         1.000         1.000         1.000         1.000
 EY4            1.000         1.000         1.000         1.000         1.000
 EY5            1.000         1.000         1.000         1.000         1.000
 X              1.000         1.000         1.000         1.000         1.000
 Z              1.000         1.000         1.000         1.000         1.000


           TWO-TAILED P-VALUE FOR ESTIMATED COVARIANCE MATRIX FOR THE LATENT VARIABLES
              EY2           EY3           EY4           EY5           X
              ________      ________      ________      ________      ________
 EY2            0.000
 EY3            1.000         0.000
 EY4            1.000         1.000         0.000
 EY5            1.000         1.000         1.000         0.000
 X              1.000         1.000         1.000         1.000         0.000
 Z              1.000         1.000         1.000         1.000         0.380


           TWO-TAILED P-VALUE FOR ESTIMATED COVARIANCE MATRIX FOR THE LATENT VARIABLES
              Z
              ________
 Z              0.000


           ESTIMATED CORRELATION MATRIX FOR THE LATENT VARIABLES
              IM            SM            IY            SY            EM1
              ________      ________      ________      ________      ________
 IM             1.000
 SM             0.399         1.000
 IY             0.276         0.338         1.000
 SY             0.486         0.371         0.395         1.000
 EM1            0.000         0.000         0.000         0.000         1.000
 EM2            0.000         0.000         0.000         0.000         0.000
 EM3            0.000         0.000         0.000         0.000         0.000
 EM4            0.000         0.000         0.000         0.000         0.000
 EM5            0.000         0.000         0.000         0.000         0.000
 EY1            0.000         0.000         0.000         0.000         0.000
 EY2            0.000         0.000         0.000         0.000         0.000
 EY3            0.000         0.000         0.000         0.000         0.000
 EY4            0.000         0.000         0.000         0.000         0.000
 EY5            0.000         0.000         0.000         0.000         0.000
 X              0.442         0.588         0.276         0.378         0.000
 Z              0.027         0.037         0.141         0.168         0.000


           ESTIMATED CORRELATION MATRIX FOR THE LATENT VARIABLES
              EM2           EM3           EM4           EM5           EY1
              ________      ________      ________      ________      ________
 EM2            1.000
 EM3            0.000         1.000
 EM4            0.000         0.000         1.000
 EM5            0.000         0.000         0.000         1.000
 EY1            0.000         0.000         0.000         0.000         1.000
 EY2            0.000         0.000         0.000         0.000         0.000
 EY3            0.000         0.000         0.000         0.000         0.000
 EY4            0.000         0.000         0.000         0.000         0.000
 EY5            0.000         0.000         0.000         0.000         0.000
 X              0.000         0.000         0.000         0.000         0.000
 Z              0.000         0.000         0.000         0.000         0.000


           ESTIMATED CORRELATION MATRIX FOR THE LATENT VARIABLES
              EY2           EY3           EY4           EY5           X
              ________      ________      ________      ________      ________
 EY2            1.000
 EY3            0.000         1.000
 EY4            0.000         0.000         1.000
 EY5            0.000         0.000         0.000         1.000
 X              0.000         0.000         0.000         0.000         1.000
 Z              0.000         0.000         0.000         0.000         0.062


           ESTIMATED CORRELATION MATRIX FOR THE LATENT VARIABLES
              Z
              ________
 Z              1.000


           S.E. FOR ESTIMATED CORRELATION MATRIX FOR THE LATENT VARIABLES
              IM            SM            IY            SY            EM1
              ________      ________      ________      ________      ________
 IM             0.000
 SM             0.097         0.000
 IY             0.116         0.094         0.000
 SY             0.080         0.070         0.081         0.000
 EM1            0.000         0.000         0.000         0.000         0.000
 EM2            0.000         0.000         0.000         0.000         0.000
 EM3            0.000         0.000         0.000         0.000         0.000
 EM4            0.000         0.000         0.000         0.000         0.000
 EM5            0.000         0.000         0.000         0.000         0.000
 EY1            0.000         0.000         0.000         0.000         0.000
 EY2            0.000         0.000         0.000         0.000         0.000
 EY3            0.000         0.000         0.000         0.000         0.000
 EY4            0.000         0.000         0.000         0.000         0.000
 EY5            0.000         0.000         0.000         0.000         0.000
 X              0.079         0.050         0.089         0.064         0.000
 Z              0.032         0.042         0.095         0.072         0.000


           S.E. FOR ESTIMATED CORRELATION MATRIX FOR THE LATENT VARIABLES
              EM2           EM3           EM4           EM5           EY1
              ________      ________      ________      ________      ________
 EM2            0.000
 EM3            0.000         0.000
 EM4            0.000         0.000         0.000
 EM5            0.000         0.000         0.000         0.000
 EY1            0.000         0.000         0.000         0.000         0.000
 EY2            0.000         0.000         0.000         0.000         0.000
 EY3            0.000         0.000         0.000         0.000         0.000
 EY4            0.000         0.000         0.000         0.000         0.000
 EY5            0.000         0.000         0.000         0.000         0.000
 X              0.000         0.000         0.000         0.000         0.000
 Z              0.000         0.000         0.000         0.000         0.000


           S.E. FOR ESTIMATED CORRELATION MATRIX FOR THE LATENT VARIABLES
              EY2           EY3           EY4           EY5           X
              ________      ________      ________      ________      ________
 EY2            0.000
 EY3            0.000         0.000
 EY4            0.000         0.000         0.000
 EY5            0.000         0.000         0.000         0.000
 X              0.000         0.000         0.000         0.000         0.000
 Z              0.000         0.000         0.000         0.000         0.070


           S.E. FOR ESTIMATED CORRELATION MATRIX FOR THE LATENT VARIABLES
              Z
              ________
 Z              0.000


           EST./S.E. FOR ESTIMATED CORRELATION MATRIX FOR THE LATENT VARIABLES
              IM            SM            IY            SY            EM1
              ________      ________      ________      ________      ________
 IM           999.000
 SM             4.134       999.000
 IY             2.370         3.590       999.000
 SY             6.075         5.315         4.896       999.000
 EM1            0.000         0.000         0.000         0.000       999.000
 EM2            0.000         0.000         0.000         0.000         0.000
 EM3            0.000         0.000         0.000         0.000         0.000
 EM4            0.000         0.000         0.000         0.000         0.000
 EM5            0.000         0.000         0.000         0.000         0.000
 EY1            0.000         0.000         0.000         0.000         0.000
 EY2            0.000         0.000         0.000         0.000         0.000
 EY3            0.000         0.000         0.000         0.000         0.000
 EY4            0.000         0.000         0.000         0.000         0.000
 EY5            0.000         0.000         0.000         0.000         0.000
 X              5.614        11.804         3.103         5.905         0.000
 Z              0.871         0.880         1.472         2.337         0.000


           EST./S.E. FOR ESTIMATED CORRELATION MATRIX FOR THE LATENT VARIABLES
              EM2           EM3           EM4           EM5           EY1
              ________      ________      ________      ________      ________
 EM2          999.000
 EM3            0.000       999.000
 EM4            0.000         0.000       999.000
 EM5            0.000         0.000         0.000       999.000
 EY1            0.000         0.000         0.000         0.000       999.000
 EY2            0.000         0.000         0.000         0.000         0.000
 EY3            0.000         0.000         0.000         0.000         0.000
 EY4            0.000         0.000         0.000         0.000         0.000
 EY5            0.000         0.000         0.000         0.000         0.000
 X              0.000         0.000         0.000         0.000         0.000
 Z              0.000         0.000         0.000         0.000         0.000


           EST./S.E. FOR ESTIMATED CORRELATION MATRIX FOR THE LATENT VARIABLES
              EY2           EY3           EY4           EY5           X
              ________      ________      ________      ________      ________
 EY2          999.000
 EY3            0.000       999.000
 EY4            0.000         0.000       999.000
 EY5            0.000         0.000         0.000       999.000
 X              0.000         0.000         0.000         0.000       999.000
 Z              0.000         0.000         0.000         0.000         0.883


           EST./S.E. FOR ESTIMATED CORRELATION MATRIX FOR THE LATENT VARIABLES
              Z
              ________
 Z            999.000


           TWO-TAILED P-VALUE FOR ESTIMATED CORRELATION MATRIX FOR THE LATENT VARIABLES
              IM            SM            IY            SY            EM1
              ________      ________      ________      ________      ________
 IM             0.000
 SM             0.000         0.000
 IY             0.018         0.000         0.000
 SY             0.000         0.000         0.000         0.000
 EM1            1.000         1.000         1.000         1.000         0.000
 EM2            1.000         1.000         1.000         1.000         1.000
 EM3            1.000         1.000         1.000         1.000         1.000
 EM4            1.000         1.000         1.000         1.000         1.000
 EM5            1.000         1.000         1.000         1.000         1.000
 EY1            1.000         1.000         1.000         1.000         1.000
 EY2            1.000         1.000         1.000         1.000         1.000
 EY3            1.000         1.000         1.000         1.000         1.000
 EY4            1.000         1.000         1.000         1.000         1.000
 EY5            1.000         1.000         1.000         1.000         1.000
 X              0.000         0.000         0.002         0.000         1.000
 Z              0.384         0.379         0.141         0.019         1.000


           TWO-TAILED P-VALUE FOR ESTIMATED CORRELATION MATRIX FOR THE LATENT VARIABLES
              EM2           EM3           EM4           EM5           EY1
              ________      ________      ________      ________      ________
 EM2            0.000
 EM3            1.000         0.000
 EM4            1.000         1.000         0.000
 EM5            1.000         1.000         1.000         0.000
 EY1            1.000         1.000         1.000         1.000         0.000
 EY2            1.000         1.000         1.000         1.000         1.000
 EY3            1.000         1.000         1.000         1.000         1.000
 EY4            1.000         1.000         1.000         1.000         1.000
 EY5            1.000         1.000         1.000         1.000         1.000
 X              1.000         1.000         1.000         1.000         1.000
 Z              1.000         1.000         1.000         1.000         1.000


           TWO-TAILED P-VALUE FOR ESTIMATED CORRELATION MATRIX FOR THE LATENT VARIABLES
              EY2           EY3           EY4           EY5           X
              ________      ________      ________      ________      ________
 EY2            0.000
 EY3            1.000         0.000
 EY4            1.000         1.000         0.000
 EY5            1.000         1.000         1.000         0.000
 X              1.000         1.000         1.000         1.000         0.000
 Z              1.000         1.000         1.000         1.000         0.377


           TWO-TAILED P-VALUE FOR ESTIMATED CORRELATION MATRIX FOR THE LATENT VARIABLES
              Z
              ________
 Z              0.000


     Beginning Time:  21:08:27
        Ending Time:  21:08:27
       Elapsed Time:  00:00:00



MUTHEN & MUTHEN
3463 Stoner Ave.
Los Angeles, CA  90066

Tel: (310) 391-9971
Fax: (310) 391-8971
Web: www.StatModel.com
Support: Support@StatModel.com

Copyright (c) 1998-2022 Muthen & Muthen
