Mplus VERSION 8.8 (Mac)
MUTHEN & MUTHEN
10/14/2022   9:08 PM

INPUT INSTRUCTIONS

  TITLE:
  lgcm
  DATA:
  FILE = "naive_ecda269d32af88ddbc5bb10bc8e48ece.dat";

  VARIABLE:
  NAMES = Y1 Y2 Y3 Y4 Y5 M1 M2 M3 M4 M5 X Z;
   MISSING=.;

  ANALYSIS:
  MODEL = NOCOVARIANCES;
    ESTIMATOR = BAYES;
    POINT = MEAN;
  THIN = 5;
  CHAINS = 2;
  PROCESS = 2;
    ALGORITHM = GIBBS;
    BITERATIONS = 2000;

  MODEL:
  IM by M1@1
  M2@1
  M3@1
  M4@1
  M5@1;
  SM by M1@0
  M2@1
  M3@2
  M4@3
  M5@4;
  IY by Y1@1
  Y2@1
  Y3@1
  Y4@1
  Y5@1;
  SY by Y1@-4
  Y2@-3
  Y3@-2
  Y4@-1
  Y5@0;
  [M1-M5@0]
  ;[Y1-Y5@0]
  ;! created within-person centered residual;
  eM1 by M1@1;
  eM2 by M2@1;
  eM3 by M3@1;
  eM4 by M4@1;
  eM5 by M5@1;
  eY1 by Y1@1;
  eY2 by Y2@1;
  eY3 by Y3@1;
  eY4 by Y4@1;
  eY5 by Y5@1;
  M1-M5@0;
  Y1-Y5@0;
  !user-specified within-person residual covariance structure;
  eM1-eM5 (sigma_eM);
   eY1-eY5 (sigma_eY);
  [IM SM] (a0_IM a0_SM);
  [IY SY] (b0_IY b0_SY);
  IM on X (aIM_X);
  SM on X (aSM_X);
  IY on X IM SM (bIY_X bIY_IM bIY_SM);
  SY on X IM SM (bSY_X bSY_IM bSY_SM);
  IM (revarIM);
  SM (revarSM);
  IM with SM (IMwSM);
  IY (revarIY);
  SY (revarSY);
  IY with SY (IYwSY);
  IY SY with IM@0 SM@0;
  IY SY on Z;

  C by;
  [C@0];
  C@1;
  IM on C (aIM_C);
  SM on C (aSM_C);
  IY on C (bIY_C);
  SY on C (bSY_C);

  MODEL CONSTRAINT:
  NEW (X_IM_IY, X_SM_IY, X_IM_SY, X_SM_SY  );
  X_IM_IY = aIM_X*bIY_IM;
  X_SM_IY = aSM_X*bIY_SM;
  X_IM_SY = aIM_X*bSY_IM;
  X_SM_SY = aSM_X*bSY_SM;

  MODEL PRIORS:
  aIM_C ~ N(0.39, 0.25); aSM_C ~ N(0.39, 0.25);
  bIY_C ~ N(-0.39, 0.25); bSY_C ~ N(-0.39, 0.25);
  OUTPUT:
  TECH1 TECH3 TECH4 TECH8;




INPUT READING TERMINATED NORMALLY




lgcm

SUMMARY OF ANALYSIS

Number of groups                                                 1
Number of observations                                         200

Number of dependent variables                                   10
Number of independent variables                                  2
Number of continuous latent variables                           15

Observed dependent variables

  Continuous
   Y1          Y2          Y3          Y4          Y5          M1
   M2          M3          M4          M5

Observed independent variables
   X           Z

Continuous latent variables
   IM          SM          IY          SY          EM1         EM2
   EM3         EM4         EM5         EY1         EY2         EY3
   EY4         EY5         C


Estimator                                                    BAYES
Specifications for Bayesian Estimation
  Point estimate                                              MEAN
  Number of Markov chain Monte Carlo (MCMC) chains               2
  Random seed for the first chain                                0
  Starting value information                           UNPERTURBED
  Algorithm used for Markov chain Monte Carlo           GIBBS(PX1)
  Convergence criterion                                  0.500D-01
  Maximum number of iterations                                2000
  K-th iteration used for thinning                               5

Input data file(s)
  naive_ecda269d32af88ddbc5bb10bc8e48ece.dat
Input data format  FREE


SUMMARY OF DATA



COVARIANCE COVERAGE OF DATA

Minimum covariance coverage value   0.100

     Number of missing data patterns             1


     PROPORTION OF DATA PRESENT


           Covariance Coverage
              Y1            Y2            Y3            Y4            Y5
              ________      ________      ________      ________      ________
 Y1             1.000
 Y2             1.000         1.000
 Y3             1.000         1.000         1.000
 Y4             1.000         1.000         1.000         1.000
 Y5             1.000         1.000         1.000         1.000         1.000
 M1             1.000         1.000         1.000         1.000         1.000
 M2             1.000         1.000         1.000         1.000         1.000
 M3             1.000         1.000         1.000         1.000         1.000
 M4             1.000         1.000         1.000         1.000         1.000
 M5             1.000         1.000         1.000         1.000         1.000
 X              1.000         1.000         1.000         1.000         1.000
 Z              1.000         1.000         1.000         1.000         1.000


           Covariance Coverage
              M1            M2            M3            M4            M5
              ________      ________      ________      ________      ________
 M1             1.000
 M2             1.000         1.000
 M3             1.000         1.000         1.000
 M4             1.000         1.000         1.000         1.000
 M5             1.000         1.000         1.000         1.000         1.000
 X              1.000         1.000         1.000         1.000         1.000
 Z              1.000         1.000         1.000         1.000         1.000


           Covariance Coverage
              X             Z
              ________      ________
 X              1.000
 Z              1.000         1.000



UNIVARIATE SAMPLE STATISTICS


     UNIVARIATE HIGHER-ORDER MOMENT DESCRIPTIVE STATISTICS

         Variable/         Mean/     Skewness/   Minimum/ % with                Percentiles
        Sample Size      Variance    Kurtosis    Maximum  Min/Max      20%/60%    40%/80%    Median

     Y1                    0.034       0.247     -10.481    0.50%      -3.364     -1.012     -0.236
             200.000      15.656       0.275      12.456    0.50%       0.533      3.330
     Y2                   -0.070       0.099      -7.323    0.50%      -2.239     -0.893     -0.254
             200.000       8.044      -0.050       8.344    0.50%       0.547      2.404
     Y3                    0.059       0.086      -4.957    0.50%      -1.601     -0.546     -0.101
             200.000       4.304      -0.047       5.797    0.50%       0.490      1.792
     Y4                    0.041       0.145      -3.682    0.50%      -1.249     -0.339     -0.014
             200.000       2.226      -0.028       4.941    0.50%       0.269      1.499
     Y5                    0.069      -0.422      -3.951    0.50%      -0.978     -0.257      0.187
             200.000       1.776       0.231       3.635    0.50%       0.548      1.198
     M1                    0.003       0.035      -3.658    0.50%      -1.182     -0.422     -0.055
             200.000       1.822      -0.399       3.906    0.50%       0.326      1.188
     M2                   -0.158       0.005      -4.442    0.50%      -1.876     -0.813     -0.213
             200.000       3.447      -0.504       5.054    0.50%       0.420      1.544
     M3                    0.013       0.067      -6.316    0.50%      -2.321     -0.754      0.001
             200.000       6.760      -0.518       6.114    0.50%       0.594      2.327
     M4                    0.080      -0.121      -7.341    0.50%      -3.348     -0.444      0.462
             200.000      12.012      -0.520       8.317    0.50%       1.000      3.098
     M5                    0.016      -0.078     -11.472    0.50%      -4.150     -0.904      0.344
             200.000      19.175      -0.448      10.359    0.50%       1.270      3.508
     X                    -0.011       0.088      -2.149    0.50%      -0.869     -0.289     -0.096
             200.000       0.865      -0.447       2.132    0.50%       0.252      0.798
     Z                    -0.028      -0.097      -2.986    0.50%      -0.878     -0.226     -0.030
             200.000       0.951       0.279       2.594    0.50%       0.150      0.730


THE MODEL ESTIMATION TERMINATED NORMALLY

     USE THE FBITERATIONS OPTION TO INCREASE THE NUMBER OF ITERATIONS BY A FACTOR
     OF AT LEAST TWO TO CHECK CONVERGENCE AND THAT THE PSR VALUE DOES NOT INCREASE.



MODEL FIT INFORMATION

Number of Free Parameters                              26

Bayesian Posterior Predictive Checking using Chi-Square

          95% Confidence Interval for the Difference Between
          the Observed and the Replicated Chi-Square Values

                                -10.369            48.805

          Posterior Predictive P-Value              0.077

          Prior Posterior Predictive P-Value        0.500

Information Criteria

          Deviance (DIC)                         7167.991
          Estimated Number of Parameters (pD)      15.847
          Bayesian (BIC)                         7274.053

RMSEA (Root Mean Square Error Of Approximation)

          Estimate                           0.041
          90 Percent C.I.                    0.030  0.050
          Probability RMSEA <= .05           0.962

CFI/TLI

          CFI                                0.988
          90 Percent C.I.                    0.982  0.993

          TLI                                0.989
          90 Percent C.I.                    0.983  0.994



MODEL RESULTS

                                Posterior  One-Tailed         95% C.I.
                    Estimate       S.D.      P-Value   Lower 2.5%  Upper 2.5%  Significance

 IM       BY
    M1                 1.000       0.000      0.000       1.000       1.000
    M2                 1.000       0.000      0.000       1.000       1.000
    M3                 1.000       0.000      0.000       1.000       1.000
    M4                 1.000       0.000      0.000       1.000       1.000
    M5                 1.000       0.000      0.000       1.000       1.000

 SM       BY
    M1                 0.000       0.000      1.000       0.000       0.000
    M2                 1.000       0.000      0.000       1.000       1.000
    M3                 2.000       0.000      0.000       2.000       2.000
    M4                 3.000       0.000      0.000       3.000       3.000
    M5                 4.000       0.000      0.000       4.000       4.000

 IY       BY
    Y1                 1.000       0.000      0.000       1.000       1.000
    Y2                 1.000       0.000      0.000       1.000       1.000
    Y3                 1.000       0.000      0.000       1.000       1.000
    Y4                 1.000       0.000      0.000       1.000       1.000
    Y5                 1.000       0.000      0.000       1.000       1.000

 SY       BY
    Y1                -4.000       0.000      0.000      -4.000      -4.000
    Y2                -3.000       0.000      0.000      -3.000      -3.000
    Y3                -2.000       0.000      0.000      -2.000      -2.000
    Y4                -1.000       0.000      0.000      -1.000      -1.000
    Y5                 0.000       0.000      1.000       0.000       0.000

 EM1      BY
    M1                 1.000       0.000      0.000       1.000       1.000

 EM2      BY
    M2                 1.000       0.000      0.000       1.000       1.000

 EM3      BY
    M3                 1.000       0.000      0.000       1.000       1.000

 EM4      BY
    M4                 1.000       0.000      0.000       1.000       1.000

 EM5      BY
    M5                 1.000       0.000      0.000       1.000       1.000

 EY1      BY
    Y1                 1.000       0.000      0.000       1.000       1.000

 EY2      BY
    Y2                 1.000       0.000      0.000       1.000       1.000

 EY3      BY
    Y3                 1.000       0.000      0.000       1.000       1.000

 EY4      BY
    Y4                 1.000       0.000      0.000       1.000       1.000

 EY5      BY
    Y5                 1.000       0.000      0.000       1.000       1.000

 IM         ON
    C                  0.240       0.453      0.286      -0.758       0.855

 SM         ON
    C                  0.110       0.355      0.376      -0.541       0.656

 IY         ON
    IM                 0.165       0.374      0.322      -0.476       1.108
    SM                 0.249       0.286      0.148      -0.331       0.824
    C                  0.131       0.390      0.350      -0.764       0.956

 SY         ON
    IM                 0.478       0.370      0.084      -0.284       1.185
    SM                 0.164       0.298      0.250      -0.426       0.809
    C                  0.091       0.408      0.406      -0.639       0.824

 IM         ON
    X                  0.424       0.087      0.000       0.254       0.593      *

 SM         ON
    X                  0.604       0.064      0.000       0.482       0.726      *

 IY         ON
    X                  0.038       0.207      0.334      -0.536       0.380
    Z                  0.116       0.088      0.106      -0.040       0.278

 SY         ON
    X                  0.092       0.182      0.252      -0.311       0.450
    Z                  0.145       0.072      0.018       0.008       0.290      *

 IM       WITH
    SM                 0.137       0.172      0.244      -0.184       0.408
    IY                 0.000       0.000      1.000       0.000       0.000
    SY                 0.000       0.000      1.000       0.000       0.000

 IY       WITH
    SY                 0.186       0.108      0.040      -0.020       0.395
    SM                 0.000       0.000      1.000       0.000       0.000

 SY       WITH
    SM                 0.000       0.000      1.000       0.000       0.000

 Means
    C                  0.000       0.000      1.000       0.000       0.000

 Intercepts
    Y1                 0.000       0.000      1.000       0.000       0.000
    Y2                 0.000       0.000      1.000       0.000       0.000
    Y3                 0.000       0.000      1.000       0.000       0.000
    Y4                 0.000       0.000      1.000       0.000       0.000
    Y5                 0.000       0.000      1.000       0.000       0.000
    M1                 0.000       0.000      1.000       0.000       0.000
    M2                 0.000       0.000      1.000       0.000       0.000
    M3                 0.000       0.000      1.000       0.000       0.000
    M4                 0.000       0.000      1.000       0.000       0.000
    M5                 0.000       0.000      1.000       0.000       0.000
    IM                -0.056       0.076      0.208      -0.206       0.094
    SM                 0.031       0.062      0.292      -0.101       0.148
    IY                 0.075       0.092      0.206      -0.097       0.265
    SY                 0.043       0.079      0.288      -0.110       0.195

 Variances
    EM1                0.945       0.055      0.000       0.842       1.067      *
    EM2                0.945       0.055      0.000       0.842       1.067      *
    EM3                0.945       0.055      0.000       0.842       1.067      *
    EM4                0.945       0.055      0.000       0.842       1.067      *
    EM5                0.945       0.055      0.000       0.842       1.067      *
    EY1                0.979       0.055      0.000       0.877       1.092      *
    EY2                0.979       0.055      0.000       0.877       1.092      *
    EY3                0.979       0.055      0.000       0.877       1.092      *
    EY4                0.979       0.055      0.000       0.877       1.092      *
    EY5                0.979       0.055      0.000       0.877       1.092      *
    C                  1.000       0.000      0.000       1.000       1.000

 Residual Variances
    Y1                 0.001       0.000      0.000       0.001       0.001
    Y2                 0.001       0.000      0.000       0.001       0.001
    Y3                 0.001       0.000      0.000       0.001       0.001
    Y4                 0.001       0.000      0.000       0.001       0.001
    Y5                 0.001       0.000      0.000       0.001       0.001
    M1                 0.001       0.000      0.000       0.001       0.001
    M2                 0.001       0.000      0.000       0.001       0.001
    M3                 0.001       0.000      0.000       0.001       0.001
    M4                 0.001       0.000      0.000       0.001       0.001
    M5                 0.001       0.000      0.000       0.001       0.001
    IM                 0.455       0.217      0.000       0.101       0.878      *
    SM                 0.490       0.133      0.000       0.178       0.692      *
    IY                 0.662       0.160      0.000       0.332       0.991      *
    SY                 0.678       0.118      0.000       0.437       0.910      *

New/Additional Parameters
    X_IM_IY            0.069       0.154      0.322      -0.210       0.457
    X_SM_IY            0.152       0.174      0.148      -0.199       0.514
    X_IM_SY            0.205       0.165      0.084      -0.105       0.546
    X_SM_SY            0.098       0.182      0.250      -0.267       0.492


TECHNICAL 1 OUTPUT


     PARAMETER SPECIFICATION


           NU
              Y1            Y2            Y3            Y4            Y5
              ________      ________      ________      ________      ________
                    0             0             0             0             0


           NU
              M1            M2            M3            M4            M5
              ________      ________      ________      ________      ________
                    0             0             0             0             0


           NU
              X             Z
              ________      ________
                    0             0


           LAMBDA
              IM            SM            IY            SY            EM1
              ________      ________      ________      ________      ________
 Y1                 0             0             0             0             0
 Y2                 0             0             0             0             0
 Y3                 0             0             0             0             0
 Y4                 0             0             0             0             0
 Y5                 0             0             0             0             0
 M1                 0             0             0             0             0
 M2                 0             0             0             0             0
 M3                 0             0             0             0             0
 M4                 0             0             0             0             0
 M5                 0             0             0             0             0
 X                  0             0             0             0             0
 Z                  0             0             0             0             0


           LAMBDA
              EM2           EM3           EM4           EM5           EY1
              ________      ________      ________      ________      ________
 Y1                 0             0             0             0             0
 Y2                 0             0             0             0             0
 Y3                 0             0             0             0             0
 Y4                 0             0             0             0             0
 Y5                 0             0             0             0             0
 M1                 0             0             0             0             0
 M2                 0             0             0             0             0
 M3                 0             0             0             0             0
 M4                 0             0             0             0             0
 M5                 0             0             0             0             0
 X                  0             0             0             0             0
 Z                  0             0             0             0             0


           LAMBDA
              EY2           EY3           EY4           EY5           C
              ________      ________      ________      ________      ________
 Y1                 0             0             0             0             0
 Y2                 0             0             0             0             0
 Y3                 0             0             0             0             0
 Y4                 0             0             0             0             0
 Y5                 0             0             0             0             0
 M1                 0             0             0             0             0
 M2                 0             0             0             0             0
 M3                 0             0             0             0             0
 M4                 0             0             0             0             0
 M5                 0             0             0             0             0
 X                  0             0             0             0             0
 Z                  0             0             0             0             0


           LAMBDA
              X             Z
              ________      ________
 Y1                 0             0
 Y2                 0             0
 Y3                 0             0
 Y4                 0             0
 Y5                 0             0
 M1                 0             0
 M2                 0             0
 M3                 0             0
 M4                 0             0
 M5                 0             0
 X                  0             0
 Z                  0             0


           THETA
              Y1            Y2            Y3            Y4            Y5
              ________      ________      ________      ________      ________
 Y1                 0
 Y2                 0             0
 Y3                 0             0             0
 Y4                 0             0             0             0
 Y5                 0             0             0             0             0
 M1                 0             0             0             0             0
 M2                 0             0             0             0             0
 M3                 0             0             0             0             0
 M4                 0             0             0             0             0
 M5                 0             0             0             0             0
 X                  0             0             0             0             0
 Z                  0             0             0             0             0


           THETA
              M1            M2            M3            M4            M5
              ________      ________      ________      ________      ________
 M1                 0
 M2                 0             0
 M3                 0             0             0
 M4                 0             0             0             0
 M5                 0             0             0             0             0
 X                  0             0             0             0             0
 Z                  0             0             0             0             0


           THETA
              X             Z
              ________      ________
 X                  0
 Z                  0             0


           ALPHA
              IM            SM            IY            SY            EM1
              ________      ________      ________      ________      ________
                    1             2             3             4             0


           ALPHA
              EM2           EM3           EM4           EM5           EY1
              ________      ________      ________      ________      ________
                    0             0             0             0             0


           ALPHA
              EY2           EY3           EY4           EY5           C
              ________      ________      ________      ________      ________
                    0             0             0             0             0


           ALPHA
              X             Z
              ________      ________
                    0             0


           BETA
              IM            SM            IY            SY            EM1
              ________      ________      ________      ________      ________
 IM                 0             0             0             0             0
 SM                 0             0             0             0             0
 IY                 9            10             0             0             0
 SY                14            15             0             0             0
 EM1                0             0             0             0             0
 EM2                0             0             0             0             0
 EM3                0             0             0             0             0
 EM4                0             0             0             0             0
 EM5                0             0             0             0             0
 EY1                0             0             0             0             0
 EY2                0             0             0             0             0
 EY3                0             0             0             0             0
 EY4                0             0             0             0             0
 EY5                0             0             0             0             0
 C                  0             0             0             0             0
 X                  0             0             0             0             0
 Z                  0             0             0             0             0


           BETA
              EM2           EM3           EM4           EM5           EY1
              ________      ________      ________      ________      ________
 IM                 0             0             0             0             0
 SM                 0             0             0             0             0
 IY                 0             0             0             0             0
 SY                 0             0             0             0             0
 EM1                0             0             0             0             0
 EM2                0             0             0             0             0
 EM3                0             0             0             0             0
 EM4                0             0             0             0             0
 EM5                0             0             0             0             0
 EY1                0             0             0             0             0
 EY2                0             0             0             0             0
 EY3                0             0             0             0             0
 EY4                0             0             0             0             0
 EY5                0             0             0             0             0
 C                  0             0             0             0             0
 X                  0             0             0             0             0
 Z                  0             0             0             0             0


           BETA
              EY2           EY3           EY4           EY5           C
              ________      ________      ________      ________      ________
 IM                 0             0             0             0             5
 SM                 0             0             0             0             7
 IY                 0             0             0             0            11
 SY                 0             0             0             0            16
 EM1                0             0             0             0             0
 EM2                0             0             0             0             0
 EM3                0             0             0             0             0
 EM4                0             0             0             0             0
 EM5                0             0             0             0             0
 EY1                0             0             0             0             0
 EY2                0             0             0             0             0
 EY3                0             0             0             0             0
 EY4                0             0             0             0             0
 EY5                0             0             0             0             0
 C                  0             0             0             0             0
 X                  0             0             0             0             0
 Z                  0             0             0             0             0


           BETA
              X             Z
              ________      ________
 IM                 6             0
 SM                 8             0
 IY                12            13
 SY                17            18
 EM1                0             0
 EM2                0             0
 EM3                0             0
 EM4                0             0
 EM5                0             0
 EY1                0             0
 EY2                0             0
 EY3                0             0
 EY4                0             0
 EY5                0             0
 C                  0             0
 X                  0             0
 Z                  0             0


           PSI
              IM            SM            IY            SY            EM1
              ________      ________      ________      ________      ________
 IM                19
 SM                20            21
 IY                 0             0            22
 SY                 0             0            23            24
 EM1                0             0             0             0            25
 EM2                0             0             0             0             0
 EM3                0             0             0             0             0
 EM4                0             0             0             0             0
 EM5                0             0             0             0             0
 EY1                0             0             0             0             0
 EY2                0             0             0             0             0
 EY3                0             0             0             0             0
 EY4                0             0             0             0             0
 EY5                0             0             0             0             0
 C                  0             0             0             0             0
 X                  0             0             0             0             0
 Z                  0             0             0             0             0


           PSI
              EM2           EM3           EM4           EM5           EY1
              ________      ________      ________      ________      ________
 EM2               25
 EM3                0            25
 EM4                0             0            25
 EM5                0             0             0            25
 EY1                0             0             0             0            26
 EY2                0             0             0             0             0
 EY3                0             0             0             0             0
 EY4                0             0             0             0             0
 EY5                0             0             0             0             0
 C                  0             0             0             0             0
 X                  0             0             0             0             0
 Z                  0             0             0             0             0


           PSI
              EY2           EY3           EY4           EY5           C
              ________      ________      ________      ________      ________
 EY2               26
 EY3                0            26
 EY4                0             0            26
 EY5                0             0             0            26
 C                  0             0             0             0             0
 X                  0             0             0             0             0
 Z                  0             0             0             0             0


           PSI
              X             Z
              ________      ________
 X                  0
 Z                  0             0


     PARAMETER SPECIFICATION FOR THE ADDITIONAL PARAMETERS


           NEW/ADDITIONAL PARAMETERS
              X_IM_IY       X_SM_IY       X_IM_SY       X_SM_SY
              ________      ________      ________      ________
                   27            28            29            30


     STARTING VALUES


           NU
              Y1            Y2            Y3            Y4            Y5
              ________      ________      ________      ________      ________
                0.000         0.000         0.000         0.000         0.000


           NU
              M1            M2            M3            M4            M5
              ________      ________      ________      ________      ________
                0.000         0.000         0.000         0.000         0.000


           NU
              X             Z
              ________      ________
                0.000         0.000


           LAMBDA
              IM            SM            IY            SY            EM1
              ________      ________      ________      ________      ________
 Y1             0.000         0.000         1.000        -4.000         0.000
 Y2             0.000         0.000         1.000        -3.000         0.000
 Y3             0.000         0.000         1.000        -2.000         0.000
 Y4             0.000         0.000         1.000        -1.000         0.000
 Y5             0.000         0.000         1.000         0.000         0.000
 M1             1.000         0.000         0.000         0.000         1.000
 M2             1.000         1.000         0.000         0.000         0.000
 M3             1.000         2.000         0.000         0.000         0.000
 M4             1.000         3.000         0.000         0.000         0.000
 M5             1.000         4.000         0.000         0.000         0.000
 X              0.000         0.000         0.000         0.000         0.000
 Z              0.000         0.000         0.000         0.000         0.000


           LAMBDA
              EM2           EM3           EM4           EM5           EY1
              ________      ________      ________      ________      ________
 Y1             0.000         0.000         0.000         0.000         1.000
 Y2             0.000         0.000         0.000         0.000         0.000
 Y3             0.000         0.000         0.000         0.000         0.000
 Y4             0.000         0.000         0.000         0.000         0.000
 Y5             0.000         0.000         0.000         0.000         0.000
 M1             0.000         0.000         0.000         0.000         0.000
 M2             1.000         0.000         0.000         0.000         0.000
 M3             0.000         1.000         0.000         0.000         0.000
 M4             0.000         0.000         1.000         0.000         0.000
 M5             0.000         0.000         0.000         1.000         0.000
 X              0.000         0.000         0.000         0.000         0.000
 Z              0.000         0.000         0.000         0.000         0.000


           LAMBDA
              EY2           EY3           EY4           EY5           C
              ________      ________      ________      ________      ________
 Y1             0.000         0.000         0.000         0.000         0.000
 Y2             1.000         0.000         0.000         0.000         0.000
 Y3             0.000         1.000         0.000         0.000         0.000
 Y4             0.000         0.000         1.000         0.000         0.000
 Y5             0.000         0.000         0.000         1.000         0.000
 M1             0.000         0.000         0.000         0.000         0.000
 M2             0.000         0.000         0.000         0.000         0.000
 M3             0.000         0.000         0.000         0.000         0.000
 M4             0.000         0.000         0.000         0.000         0.000
 M5             0.000         0.000         0.000         0.000         0.000
 X              0.000         0.000         0.000         0.000         0.000
 Z              0.000         0.000         0.000         0.000         0.000


           LAMBDA
              X             Z
              ________      ________
 Y1             0.000         0.000
 Y2             0.000         0.000
 Y3             0.000         0.000
 Y4             0.000         0.000
 Y5             0.000         0.000
 M1             0.000         0.000
 M2             0.000         0.000
 M3             0.000         0.000
 M4             0.000         0.000
 M5             0.000         0.000
 X              1.000         0.000
 Z              0.000         1.000


           THETA
              Y1            Y2            Y3            Y4            Y5
              ________      ________      ________      ________      ________
 Y1             0.000
 Y2             0.000         0.000
 Y3             0.000         0.000         0.000
 Y4             0.000         0.000         0.000         0.000
 Y5             0.000         0.000         0.000         0.000         0.000
 M1             0.000         0.000         0.000         0.000         0.000
 M2             0.000         0.000         0.000         0.000         0.000
 M3             0.000         0.000         0.000         0.000         0.000
 M4             0.000         0.000         0.000         0.000         0.000
 M5             0.000         0.000         0.000         0.000         0.000
 X              0.000         0.000         0.000         0.000         0.000
 Z              0.000         0.000         0.000         0.000         0.000


           THETA
              M1            M2            M3            M4            M5
              ________      ________      ________      ________      ________
 M1             0.000
 M2             0.000         0.000
 M3             0.000         0.000         0.000
 M4             0.000         0.000         0.000         0.000
 M5             0.000         0.000         0.000         0.000         0.000
 X              0.000         0.000         0.000         0.000         0.000
 Z              0.000         0.000         0.000         0.000         0.000


           THETA
              X             Z
              ________      ________
 X              0.000
 Z              0.000         0.000


           ALPHA
              IM            SM            IY            SY            EM1
              ________      ________      ________      ________      ________
                0.000         0.000         0.000         0.000         0.000


           ALPHA
              EM2           EM3           EM4           EM5           EY1
              ________      ________      ________      ________      ________
                0.000         0.000         0.000         0.000         0.000


           ALPHA
              EY2           EY3           EY4           EY5           C
              ________      ________      ________      ________      ________
                0.000         0.000         0.000         0.000         0.000


           ALPHA
              X             Z
              ________      ________
                0.000         0.000


           BETA
              IM            SM            IY            SY            EM1
              ________      ________      ________      ________      ________
 IM             0.000         0.000         0.000         0.000         0.000
 SM             0.000         0.000         0.000         0.000         0.000
 IY             0.000         0.000         0.000         0.000         0.000
 SY             0.000         0.000         0.000         0.000         0.000
 EM1            0.000         0.000         0.000         0.000         0.000
 EM2            0.000         0.000         0.000         0.000         0.000
 EM3            0.000         0.000         0.000         0.000         0.000
 EM4            0.000         0.000         0.000         0.000         0.000
 EM5            0.000         0.000         0.000         0.000         0.000
 EY1            0.000         0.000         0.000         0.000         0.000
 EY2            0.000         0.000         0.000         0.000         0.000
 EY3            0.000         0.000         0.000         0.000         0.000
 EY4            0.000         0.000         0.000         0.000         0.000
 EY5            0.000         0.000         0.000         0.000         0.000
 C              0.000         0.000         0.000         0.000         0.000
 X              0.000         0.000         0.000         0.000         0.000
 Z              0.000         0.000         0.000         0.000         0.000


           BETA
              EM2           EM3           EM4           EM5           EY1
              ________      ________      ________      ________      ________
 IM             0.000         0.000         0.000         0.000         0.000
 SM             0.000         0.000         0.000         0.000         0.000
 IY             0.000         0.000         0.000         0.000         0.000
 SY             0.000         0.000         0.000         0.000         0.000
 EM1            0.000         0.000         0.000         0.000         0.000
 EM2            0.000         0.000         0.000         0.000         0.000
 EM3            0.000         0.000         0.000         0.000         0.000
 EM4            0.000         0.000         0.000         0.000         0.000
 EM5            0.000         0.000         0.000         0.000         0.000
 EY1            0.000         0.000         0.000         0.000         0.000
 EY2            0.000         0.000         0.000         0.000         0.000
 EY3            0.000         0.000         0.000         0.000         0.000
 EY4            0.000         0.000         0.000         0.000         0.000
 EY5            0.000         0.000         0.000         0.000         0.000
 C              0.000         0.000         0.000         0.000         0.000
 X              0.000         0.000         0.000         0.000         0.000
 Z              0.000         0.000         0.000         0.000         0.000


           BETA
              EY2           EY3           EY4           EY5           C
              ________      ________      ________      ________      ________
 IM             0.000         0.000         0.000         0.000         0.000
 SM             0.000         0.000         0.000         0.000         0.000
 IY             0.000         0.000         0.000         0.000         0.000
 SY             0.000         0.000         0.000         0.000         0.000
 EM1            0.000         0.000         0.000         0.000         0.000
 EM2            0.000         0.000         0.000         0.000         0.000
 EM3            0.000         0.000         0.000         0.000         0.000
 EM4            0.000         0.000         0.000         0.000         0.000
 EM5            0.000         0.000         0.000         0.000         0.000
 EY1            0.000         0.000         0.000         0.000         0.000
 EY2            0.000         0.000         0.000         0.000         0.000
 EY3            0.000         0.000         0.000         0.000         0.000
 EY4            0.000         0.000         0.000         0.000         0.000
 EY5            0.000         0.000         0.000         0.000         0.000
 C              0.000         0.000         0.000         0.000         0.000
 X              0.000         0.000         0.000         0.000         0.000
 Z              0.000         0.000         0.000         0.000         0.000


           BETA
              X             Z
              ________      ________
 IM             0.000         0.000
 SM             0.000         0.000
 IY             0.000         0.000
 SY             0.000         0.000
 EM1            0.000         0.000
 EM2            0.000         0.000
 EM3            0.000         0.000
 EM4            0.000         0.000
 EM5            0.000         0.000
 EY1            0.000         0.000
 EY2            0.000         0.000
 EY3            0.000         0.000
 EY4            0.000         0.000
 EY5            0.000         0.000
 C              0.000         0.000
 X              0.000         0.000
 Z              0.000         0.000


           PSI
              IM            SM            IY            SY            EM1
              ________      ________      ________      ________      ________
 IM             1.000
 SM             0.000         1.000
 IY             0.000         0.000         1.000
 SY             0.000         0.000         0.000         1.000
 EM1            0.000         0.000         0.000         0.000         1.000
 EM2            0.000         0.000         0.000         0.000         0.000
 EM3            0.000         0.000         0.000         0.000         0.000
 EM4            0.000         0.000         0.000         0.000         0.000
 EM5            0.000         0.000         0.000         0.000         0.000
 EY1            0.000         0.000         0.000         0.000         0.000
 EY2            0.000         0.000         0.000         0.000         0.000
 EY3            0.000         0.000         0.000         0.000         0.000
 EY4            0.000         0.000         0.000         0.000         0.000
 EY5            0.000         0.000         0.000         0.000         0.000
 C              0.000         0.000         0.000         0.000         0.000
 X              0.000         0.000         0.000         0.000         0.000
 Z              0.000         0.000         0.000         0.000         0.000


           PSI
              EM2           EM3           EM4           EM5           EY1
              ________      ________      ________      ________      ________
 EM2            1.000
 EM3            0.000         1.000
 EM4            0.000         0.000         1.000
 EM5            0.000         0.000         0.000         1.000
 EY1            0.000         0.000         0.000         0.000         1.000
 EY2            0.000         0.000         0.000         0.000         0.000
 EY3            0.000         0.000         0.000         0.000         0.000
 EY4            0.000         0.000         0.000         0.000         0.000
 EY5            0.000         0.000         0.000         0.000         0.000
 C              0.000         0.000         0.000         0.000         0.000
 X              0.000         0.000         0.000         0.000         0.000
 Z              0.000         0.000         0.000         0.000         0.000


           PSI
              EY2           EY3           EY4           EY5           C
              ________      ________      ________      ________      ________
 EY2            1.000
 EY3            0.000         1.000
 EY4            0.000         0.000         1.000
 EY5            0.000         0.000         0.000         1.000
 C              0.000         0.000         0.000         0.000         1.000
 X              0.000         0.000         0.000         0.000         0.000
 Z              0.000         0.000         0.000         0.000         0.000


           PSI
              X             Z
              ________      ________
 X              0.432
 Z              0.000         0.476


     STARTING VALUES FOR THE ADDITIONAL PARAMETERS


           NEW/ADDITIONAL PARAMETERS
              X_IM_IY       X_SM_IY       X_IM_SY       X_SM_SY
              ________      ________      ________      ________
                0.500         0.500         0.500         0.500



     PRIORS FOR ALL PARAMETERS            PRIOR MEAN      PRIOR VARIANCE     PRIOR STD. DEV.

     Parameter 1~N(0.000,infinity)           0.0000            infinity            infinity
     Parameter 2~N(0.000,infinity)           0.0000            infinity            infinity
     Parameter 3~N(0.000,infinity)           0.0000            infinity            infinity
     Parameter 4~N(0.000,infinity)           0.0000            infinity            infinity
     Parameter 5~N(0.390,0.250)              0.3900              0.2500              0.5000
     Parameter 6~N(0.000,infinity)           0.0000            infinity            infinity
     Parameter 7~N(0.390,0.250)              0.3900              0.2500              0.5000
     Parameter 8~N(0.000,infinity)           0.0000            infinity            infinity
     Parameter 9~N(0.000,infinity)           0.0000            infinity            infinity
     Parameter 10~N(0.000,infinity)          0.0000            infinity            infinity
     Parameter 11~N(-0.390,0.250)           -0.3900              0.2500              0.5000
     Parameter 12~N(0.000,infinity)          0.0000            infinity            infinity
     Parameter 13~N(0.000,infinity)          0.0000            infinity            infinity
     Parameter 14~N(0.000,infinity)          0.0000            infinity            infinity
     Parameter 15~N(0.000,infinity)          0.0000            infinity            infinity
     Parameter 16~N(-0.390,0.250)           -0.3900              0.2500              0.5000
     Parameter 17~N(0.000,infinity)          0.0000            infinity            infinity
     Parameter 18~N(0.000,infinity)          0.0000            infinity            infinity
     Parameter 19~IW(0.000,-3)             infinity            infinity            infinity
     Parameter 20~IW(0.000,-3)             infinity            infinity            infinity
     Parameter 21~IW(0.000,-3)             infinity            infinity            infinity
     Parameter 22~IW(0.000,-3)             infinity            infinity            infinity
     Parameter 23~IW(0.000,-3)             infinity            infinity            infinity
     Parameter 24~IW(0.000,-3)             infinity            infinity            infinity
     Parameter 25~IG(-1.000,0.000)         infinity            infinity            infinity
     Parameter 26~IG(-1.000,0.000)         infinity            infinity            infinity


TECHNICAL 3 OUTPUT


           ESTIMATED COVARIANCE MATRIX FOR PARAMETER ESTIMATES
                     1             2             3             4             5
              ________      ________      ________      ________      ________
        1   0.578118D-02
        2  -0.213119D-03  0.388104D-02
        3  -0.708885D-03 -0.370197D-03  0.844044D-02
        4  -0.136149D-02  0.232458D-03  0.299941D-02  0.622125D-02
        5   0.376740D-03 -0.260985D-03 -0.527080D-02 -0.505271D-02  0.205109D+00
        6   0.121565D-03  0.415323D-04 -0.596180D-03  0.104806D-03 -0.177097D-02
        7   0.173256D-02 -0.968418D-04  0.441576D-03  0.277138D-02 -0.321139D-01
        8   0.238398D-04  0.117947D-03  0.260267D-03 -0.260495D-03  0.747431D-03
        9  -0.245728D-02 -0.154083D-02  0.973233D-02  0.343177D-03 -0.601188D-01
       10   0.579944D-03  0.189142D-03 -0.223436D-02  0.290434D-03  0.176495D-01
       11  -0.939568D-03  0.999196D-03  0.178887D-02  0.232669D-02 -0.475942D-01
       12   0.263868D-03  0.672543D-03 -0.222572D-02 -0.779664D-03  0.129480D-01
       13   0.768897D-04  0.394810D-03  0.264528D-03  0.504972D-03 -0.123607D-02
       14   0.272823D-03  0.106938D-02  0.114454D-02  0.100103D-01 -0.462299D-01
       15   0.604460D-03  0.551545D-04 -0.255513D-03 -0.587211D-02  0.362969D-01
       16  -0.815876D-03 -0.162383D-02 -0.247919D-03 -0.337322D-02 -0.665448D-01
       17  -0.762279D-03 -0.533767D-03 -0.300697D-03 -0.735244D-03 -0.251812D-02
       18   0.144703D-03  0.240239D-03 -0.186034D-04  0.245618D-03 -0.992281D-03
       19   0.228870D-03  0.843024D-04 -0.117806D-02  0.771639D-04 -0.217916D-01
       20  -0.216611D-03 -0.427749D-03 -0.848228D-03 -0.102630D-02 -0.135493D-01
       21  -0.714182D-03  0.526188D-03 -0.919284D-04 -0.326654D-03  0.657315D-02
       22   0.587152D-04  0.243518D-03 -0.183309D-02 -0.781836D-03  0.108061D-01
       23  -0.230244D-03 -0.616081D-04 -0.571587D-03 -0.676325D-03  0.634866D-02
       24  -0.250246D-03 -0.673935D-03 -0.132533D-03 -0.125252D-02  0.483494D-02
       25  -0.106701D-03  0.122684D-03  0.424162D-03  0.265804D-03 -0.153300D-03
       26   0.235462D-03  0.725125D-04  0.187527D-03  0.132035D-03 -0.721194D-03
       27  -0.958308D-03 -0.664336D-03  0.404189D-02  0.174488D-03 -0.244377D-01
       28   0.376547D-03  0.133026D-03 -0.139041D-02  0.920524D-04  0.112574D-01
       29   0.883733D-04  0.482175D-03  0.290569D-03  0.418814D-02 -0.196532D-01
       30   0.369192D-03  0.415527D-04 -0.154475D-03 -0.365473D-02  0.227894D-01


           ESTIMATED COVARIANCE MATRIX FOR PARAMETER ESTIMATES
                     6             7             8             9            10
              ________      ________      ________      ________      ________
        6   0.750606D-02
        7   0.345174D-02  0.125565D+00
        8  -0.412465D-03 -0.324439D-02  0.404017D-02
        9  -0.129737D-02  0.172333D-01 -0.655874D-04  0.139731D+00
       10  -0.139788D-02 -0.361294D-01  0.137660D-02 -0.334527D-01  0.816526D-01
       11  -0.145513D-02 -0.399425D-01 -0.654386D-03 -0.237260D-01 -0.555199D-02
       12   0.116961D-02  0.151276D-01 -0.708070D-03 -0.347649D-01 -0.347283D-01
       13  -0.804157D-04  0.116428D-02 -0.425294D-04  0.125555D-02 -0.392820D-02
       14   0.232340D-02  0.310949D-01 -0.711630D-03 -0.300561D-02  0.858953D-03
       15  -0.175499D-02 -0.318342D-01 -0.111249D-02 -0.349850D-02  0.632446D-02
       16  -0.661380D-03 -0.300386D-01  0.166956D-02  0.212059D-01  0.122068D-01
       17  -0.140209D-02  0.487016D-02  0.122692D-02  0.463143D-02 -0.294128D-02
       18   0.136366D-03  0.173342D-02  0.257997D-03  0.177822D-02 -0.228344D-02
       19   0.733671D-03  0.137054D-01 -0.688898D-03 -0.135860D-01 -0.650810D-02
       20  -0.127961D-02 -0.246346D-01  0.159547D-02 -0.112307D-01  0.325744D-03
       21  -0.549910D-04 -0.159665D-01  0.114614D-02 -0.125472D-02  0.103158D-02
       22   0.403293D-03  0.179747D-02 -0.560737D-03 -0.985533D-02 -0.330280D-02
       23  -0.263673D-03  0.117654D-02  0.117054D-05 -0.244386D-02  0.813803D-03
       24  -0.697232D-03 -0.233053D-02  0.265045D-03 -0.558845D-03  0.138874D-02
       25   0.325993D-03  0.620594D-03 -0.255617D-04  0.182413D-02  0.908094D-03
       26  -0.225814D-03 -0.650505D-03  0.204838D-03 -0.234175D-03  0.582793D-03
       27   0.615788D-03  0.725218D-02 -0.179248D-03  0.564909D-01 -0.143761D-01
       28  -0.899790D-03 -0.220460D-01  0.177074D-02 -0.209498D-01  0.493611D-01
       29   0.436878D-02  0.144863D-01 -0.522198D-03 -0.339990D-02  0.273573D-03
       30  -0.115934D-02 -0.202050D-01 -0.263751D-04 -0.172226D-02  0.372860D-02


           ESTIMATED COVARIANCE MATRIX FOR PARAMETER ESTIMATES
                    11            12            13            14            15
              ________      ________      ________      ________      ________
       11   0.152108D+00
       12   0.116207D-01  0.426551D-01
       13  -0.466584D-03  0.123330D-02  0.772585D-02
       14   0.985041D-02  0.730343D-03 -0.163754D-03  0.136265D+00
       15   0.109904D-01 -0.211790D-02 -0.948633D-03 -0.550484D-01  0.885020D-01
       16  -0.174475D-01 -0.163166D-01 -0.336707D-03 -0.593519D-01 -0.240725D-02
       17  -0.958112D-02  0.238994D-02  0.196570D-03 -0.228211D-01 -0.301163D-01
       18  -0.123575D-02  0.435068D-03  0.219917D-02  0.293605D-04 -0.349609D-02
       19   0.289976D-03  0.800779D-02 -0.577784D-03 -0.901394D-02 -0.411658D-02
       20   0.849423D-02  0.454794D-02  0.269021D-04 -0.847628D-02 -0.889113D-02
       21   0.161271D-02  0.627732D-03  0.369395D-03 -0.253942D-03 -0.124128D-02
       22  -0.103484D-01  0.528488D-02  0.323628D-04  0.192758D-02 -0.224701D-03
       23  -0.804711D-02  0.485453D-03 -0.615541D-04 -0.300323D-02 -0.153956D-02
       24   0.248617D-02 -0.695565D-03 -0.258211D-03 -0.960289D-02  0.112040D-02
       25  -0.170499D-02 -0.131681D-02  0.239526D-03  0.803315D-03 -0.771244D-03
       26   0.247517D-03 -0.278789D-03  0.929523D-04  0.962744D-04 -0.321172D-03
       27  -0.893796D-02 -0.139622D-01  0.493966D-03 -0.239568D-02 -0.729891D-03
       28  -0.366618D-02 -0.209006D-01 -0.235040D-02  0.658893D-03  0.322556D-02
       29   0.312709D-02  0.109674D-02 -0.141584D-03  0.581076D-01 -0.233293D-01
       30   0.664551D-02 -0.145566D-02 -0.461734D-03 -0.346464D-01  0.537184D-01


           ESTIMATED COVARIANCE MATRIX FOR PARAMETER ESTIMATES
                    16            17            18            19            20
              ________      ________      ________      ________      ________
       16   0.166242D+00
       17   0.246006D-01  0.330891D-01
       18  -0.113107D-02  0.169807D-02  0.515329D-02
       19   0.561515D-02  0.506808D-02  0.636388D-03  0.470790D-01
       20   0.209454D-01  0.929217D-02 -0.103574D-03  0.732800D-03  0.296744D-01
       21   0.249248D-03  0.796928D-03 -0.192732D-03 -0.639623D-02  0.305288D-02
       22  -0.480570D-02 -0.136289D-02 -0.193988D-03 -0.418435D-02  0.152821D-02
       23  -0.421373D-02  0.232737D-02 -0.250159D-03 -0.160854D-02  0.420851D-03
       24  -0.183093D-02  0.311105D-02  0.135656D-04 -0.554502D-02  0.316046D-02
       25   0.729235D-04  0.207760D-03  0.191065D-03 -0.172052D-02 -0.554586D-03
       26   0.488511D-03  0.416897D-04  0.260151D-04 -0.617230D-03  0.110683D-02
       27   0.862832D-02  0.165364D-02  0.690707D-03 -0.495847D-02 -0.447436D-02
       28   0.766442D-02 -0.144298D-02 -0.128743D-02 -0.396804D-02  0.522824D-03
       29  -0.245185D-01 -0.110940D-01 -0.793073D-05 -0.360827D-02 -0.368466D-02
       30  -0.103850D-02 -0.179463D-01 -0.208613D-02 -0.280157D-02 -0.507218D-02


           ESTIMATED COVARIANCE MATRIX FOR PARAMETER ESTIMATES
                    21            22            23            24            25
              ________      ________      ________      ________      ________
       21   0.175394D-01
       22   0.179341D-02  0.254104D-01
       23   0.165253D-02  0.716288D-02  0.115671D-01
       24  -0.657705D-03  0.163889D-02  0.384834D-02  0.139510D-01
       25  -0.182150D-03 -0.275492D-03  0.722001D-04  0.330246D-03  0.305807D-02
       26  -0.855919D-04 -0.173980D-02 -0.443067D-03  0.318911D-03  0.655278D-04
       27  -0.663618D-03 -0.359449D-02 -0.112056D-02 -0.205877D-03  0.822067D-03
       28   0.668110D-03 -0.233278D-02  0.481683D-03  0.104373D-02  0.553364D-03
       29  -0.254161D-03  0.105885D-02 -0.115986D-02 -0.423682D-02  0.408863D-03
       30  -0.255008D-03 -0.243395D-03 -0.972250D-03  0.968071D-03 -0.451442D-03


           ESTIMATED COVARIANCE MATRIX FOR PARAMETER ESTIMATES
                    26            27            28            29            30
              ________      ________      ________      ________      ________
       26   0.297938D-02
       27  -0.589633D-04  0.237547D-01
       28   0.383224D-03 -0.908693D-02  0.303703D-01
       29  -0.204401D-04 -0.128265D-02  0.204872D-03  0.270741D-01
       30  -0.177484D-03 -0.301542D-03  0.209311D-02 -0.147607D-01  0.330171D-01


           ESTIMATED CORRELATION MATRIX FOR PARAMETER ESTIMATES
                     1             2             3             4             5
              ________      ________      ________      ________      ________
        1       1.000
        2      -0.045         1.000
        3      -0.101        -0.065         1.000
        4      -0.227         0.047         0.414         1.000
        5       0.011        -0.009        -0.127        -0.141         1.000
        6       0.018         0.008        -0.075         0.015        -0.045
        7       0.064        -0.004         0.014         0.099        -0.200
        8       0.005         0.030         0.045        -0.052         0.026
        9      -0.086        -0.066         0.283         0.012        -0.355
       10       0.027         0.011        -0.085         0.013         0.136
       11      -0.032         0.041         0.050         0.076        -0.269
       12       0.017         0.052        -0.117        -0.048         0.138
       13       0.012         0.072         0.033         0.073        -0.031
       14       0.010         0.047         0.034         0.344        -0.277
       15       0.027         0.003        -0.009        -0.250         0.269
       16      -0.026        -0.064        -0.007        -0.105        -0.360
       17      -0.055        -0.047        -0.018        -0.051        -0.031
       18       0.027         0.054        -0.003         0.043        -0.031
       19       0.014         0.006        -0.059         0.005        -0.222
       20      -0.017        -0.040        -0.054        -0.076        -0.174
       21      -0.071         0.064        -0.008        -0.031         0.110
       22       0.005         0.025        -0.125        -0.062         0.150
       23      -0.028        -0.009        -0.058        -0.080         0.130
       24      -0.028        -0.092        -0.012        -0.134         0.090
       25      -0.025         0.036         0.083         0.061        -0.006
       26       0.057         0.021         0.037         0.031        -0.029
       27      -0.082        -0.069         0.285         0.014        -0.350
       28       0.028         0.012        -0.087         0.007         0.143
       29       0.007         0.047         0.019         0.323        -0.264
       30       0.027         0.004        -0.009        -0.255         0.277


           ESTIMATED CORRELATION MATRIX FOR PARAMETER ESTIMATES
                     6             7             8             9            10
              ________      ________      ________      ________      ________
        6       1.000
        7       0.112         1.000
        8      -0.075        -0.144         1.000
        9      -0.040         0.130        -0.003         1.000
       10      -0.056        -0.357         0.076        -0.313         1.000
       11      -0.043        -0.289        -0.026        -0.163        -0.050
       12       0.065         0.207        -0.054        -0.450        -0.588
       13      -0.011         0.037        -0.008         0.038        -0.156
       14       0.073         0.238        -0.030        -0.022         0.008
       15      -0.068        -0.302        -0.059        -0.031         0.074
       16      -0.019        -0.208         0.064         0.139         0.105
       17      -0.089         0.076         0.106         0.068        -0.057
       18       0.022         0.068         0.057         0.066        -0.111
       19       0.039         0.178        -0.050        -0.168        -0.105
       20      -0.086        -0.404         0.146        -0.174         0.007
       21      -0.005        -0.340         0.136        -0.025         0.027
       22       0.029         0.032        -0.055        -0.165        -0.073
       23      -0.028         0.031         0.000        -0.061         0.026
       24      -0.068        -0.056         0.035        -0.013         0.041
       25       0.068         0.032        -0.007         0.088         0.057
       26      -0.048        -0.034         0.059        -0.011         0.037
       27       0.046         0.133        -0.018         0.981        -0.326
       28      -0.060        -0.357         0.160        -0.322         0.991
       29       0.306         0.248        -0.050        -0.055         0.006
       30      -0.074        -0.314        -0.002        -0.025         0.072


           ESTIMATED CORRELATION MATRIX FOR PARAMETER ESTIMATES
                    11            12            13            14            15
              ________      ________      ________      ________      ________
       11       1.000
       12       0.144         1.000
       13      -0.014         0.068         1.000
       14       0.068         0.010        -0.005         1.000
       15       0.095        -0.034        -0.036        -0.501         1.000
       16      -0.110        -0.194        -0.009        -0.394        -0.020
       17      -0.135         0.064         0.012        -0.340        -0.557
       18      -0.044         0.029         0.349         0.001        -0.164
       19       0.003         0.179        -0.030        -0.113        -0.064
       20       0.126         0.128         0.002        -0.133        -0.173
       21       0.031         0.023         0.032        -0.005        -0.032
       22      -0.166         0.161         0.002         0.033        -0.005
       23      -0.192         0.022        -0.007        -0.076        -0.048
       24       0.054        -0.029        -0.025        -0.220         0.032
       25      -0.079        -0.115         0.049         0.039        -0.047
       26       0.012        -0.025         0.019         0.005        -0.020
       27      -0.149        -0.439         0.036        -0.042        -0.016
       28      -0.054        -0.581        -0.153         0.010         0.062
       29       0.049         0.032        -0.010         0.957        -0.477
       30       0.094        -0.039        -0.029        -0.517         0.994


           ESTIMATED CORRELATION MATRIX FOR PARAMETER ESTIMATES
                    16            17            18            19            20
              ________      ________      ________      ________      ________
       16       1.000
       17       0.332         1.000
       18      -0.039         0.130         1.000
       19       0.063         0.128         0.041         1.000
       20       0.298         0.297        -0.008         0.020         1.000
       21       0.005         0.033        -0.020        -0.223         0.134
       22      -0.074        -0.047        -0.017        -0.121         0.056
       23      -0.096         0.119        -0.032        -0.069         0.023
       24      -0.038         0.145         0.002        -0.216         0.155
       25       0.003         0.021         0.048        -0.143        -0.058
       26       0.022         0.004         0.007        -0.052         0.118
       27       0.137         0.059         0.062        -0.148        -0.169
       28       0.108        -0.046        -0.103        -0.105         0.017
       29      -0.365        -0.371        -0.001        -0.101        -0.130
       30      -0.014        -0.543        -0.160        -0.071        -0.162


           ESTIMATED CORRELATION MATRIX FOR PARAMETER ESTIMATES
                    21            22            23            24            25
              ________      ________      ________      ________      ________
       21       1.000
       22       0.085         1.000
       23       0.116         0.418         1.000
       24      -0.042         0.087         0.303         1.000
       25      -0.025        -0.031         0.012         0.051         1.000
       26      -0.012        -0.200        -0.075         0.049         0.022
       27      -0.033        -0.146        -0.068        -0.011         0.096
       28       0.029        -0.084         0.026         0.051         0.057
       29      -0.012         0.040        -0.066        -0.218         0.045
       30      -0.011        -0.008        -0.050         0.045        -0.045


           ESTIMATED CORRELATION MATRIX FOR PARAMETER ESTIMATES
                    26            27            28            29            30
              ________      ________      ________      ________      ________
       26       1.000
       27      -0.007         1.000
       28       0.040        -0.338         1.000
       29      -0.002        -0.051         0.007         1.000
       30      -0.018        -0.011         0.066        -0.494         1.000


TECHNICAL 4 OUTPUT


     ESTIMATES DERIVED FROM THE MODEL


           ESTIMATED MEANS FOR THE LATENT VARIABLES
              IM            SM            IY            SY            EM1
              ________      ________      ________      ________      ________
               -0.061         0.024         0.067         0.013         0.000


           ESTIMATED MEANS FOR THE LATENT VARIABLES
              EM2           EM3           EM4           EM5           EY1
              ________      ________      ________      ________      ________
                0.000         0.000         0.000         0.000         0.000


           ESTIMATED MEANS FOR THE LATENT VARIABLES
              EY2           EY3           EY4           EY5           C
              ________      ________      ________      ________      ________
                0.000         0.000         0.000         0.000         0.000


           ESTIMATED MEANS FOR THE LATENT VARIABLES
              X             Z
              ________      ________
               -0.011        -0.028


           ESTIMATED COVARIANCE MATRIX FOR THE LATENT VARIABLES
              IM            SM            IY            SY            EM1
              ________      ________      ________      ________      ________
 IM             0.668
 SM             0.385         0.818
 IY             0.254         0.305         0.829
 SY             0.442         0.381         0.415         1.028
 EM1            0.000         0.000         0.000         0.000         0.945
 EM2            0.000         0.000         0.000         0.000         0.000
 EM3            0.000         0.000         0.000         0.000         0.000
 EM4            0.000         0.000         0.000         0.000         0.000
 EM5            0.000         0.000         0.000         0.000         0.000
 EY1            0.000         0.000         0.000         0.000         0.000
 EY2            0.000         0.000         0.000         0.000         0.000
 EY3            0.000         0.000         0.000         0.000         0.000
 EY4            0.000         0.000         0.000         0.000         0.000
 EY5            0.000         0.000         0.000         0.000         0.000
 C              0.240         0.110         0.198         0.223         0.000
 X              0.367         0.523         0.230         0.349         0.000
 Z              0.024         0.034         0.125         0.160         0.000


           ESTIMATED COVARIANCE MATRIX FOR THE LATENT VARIABLES
              EM2           EM3           EM4           EM5           EY1
              ________      ________      ________      ________      ________
 EM2            0.945
 EM3            0.000         0.945
 EM4            0.000         0.000         0.945
 EM5            0.000         0.000         0.000         0.945
 EY1            0.000         0.000         0.000         0.000         0.979
 EY2            0.000         0.000         0.000         0.000         0.000
 EY3            0.000         0.000         0.000         0.000         0.000
 EY4            0.000         0.000         0.000         0.000         0.000
 EY5            0.000         0.000         0.000         0.000         0.000
 C              0.000         0.000         0.000         0.000         0.000
 X              0.000         0.000         0.000         0.000         0.000
 Z              0.000         0.000         0.000         0.000         0.000


           ESTIMATED COVARIANCE MATRIX FOR THE LATENT VARIABLES
              EY2           EY3           EY4           EY5           C
              ________      ________      ________      ________      ________
 EY2            0.979
 EY3            0.000         0.979
 EY4            0.000         0.000         0.979
 EY5            0.000         0.000         0.000         0.979
 C              0.000         0.000         0.000         0.000         1.000
 X              0.000         0.000         0.000         0.000         0.000
 Z              0.000         0.000         0.000         0.000         0.000


           ESTIMATED COVARIANCE MATRIX FOR THE LATENT VARIABLES
              X             Z
              ________      ________
 X              0.865
 Z              0.056         0.951


           ESTIMATED CORRELATION MATRIX FOR THE LATENT VARIABLES
              IM            SM            IY            SY            EM1
              ________      ________      ________      ________      ________
 IM             1.000
 SM             0.520         1.000
 IY             0.342         0.371         1.000
 SY             0.533         0.416         0.450         1.000
 EM1            0.000         0.000         0.000         0.000         1.000
 EM2            0.000         0.000         0.000         0.000         0.000
 EM3            0.000         0.000         0.000         0.000         0.000
 EM4            0.000         0.000         0.000         0.000         0.000
 EM5            0.000         0.000         0.000         0.000         0.000
 EY1            0.000         0.000         0.000         0.000         0.000
 EY2            0.000         0.000         0.000         0.000         0.000
 EY3            0.000         0.000         0.000         0.000         0.000
 EY4            0.000         0.000         0.000         0.000         0.000
 EY5            0.000         0.000         0.000         0.000         0.000
 C              0.293         0.121         0.217         0.220         0.000
 X              0.483         0.621         0.272         0.370         0.000
 Z              0.030         0.039         0.141         0.162         0.000


           ESTIMATED CORRELATION MATRIX FOR THE LATENT VARIABLES
              EM2           EM3           EM4           EM5           EY1
              ________      ________      ________      ________      ________
 EM2            1.000
 EM3            0.000         1.000
 EM4            0.000         0.000         1.000
 EM5            0.000         0.000         0.000         1.000
 EY1            0.000         0.000         0.000         0.000         1.000
 EY2            0.000         0.000         0.000         0.000         0.000
 EY3            0.000         0.000         0.000         0.000         0.000
 EY4            0.000         0.000         0.000         0.000         0.000
 EY5            0.000         0.000         0.000         0.000         0.000
 C              0.000         0.000         0.000         0.000         0.000
 X              0.000         0.000         0.000         0.000         0.000
 Z              0.000         0.000         0.000         0.000         0.000


           ESTIMATED CORRELATION MATRIX FOR THE LATENT VARIABLES
              EY2           EY3           EY4           EY5           C
              ________      ________      ________      ________      ________
 EY2            1.000
 EY3            0.000         1.000
 EY4            0.000         0.000         1.000
 EY5            0.000         0.000         0.000         1.000
 C              0.000         0.000         0.000         0.000         1.000
 X              0.000         0.000         0.000         0.000         0.000
 Z              0.000         0.000         0.000         0.000         0.000


           ESTIMATED CORRELATION MATRIX FOR THE LATENT VARIABLES
              X             Z
              ________      ________
 X              1.000
 Z              0.062         1.000


TECHNICAL 8 OUTPUT


   TECHNICAL 8 OUTPUT FOR BAYES ESTIMATION

     CHAIN    BSEED
     1        0
     2        285380

     Iterations for computing PPPP

                     POTENTIAL       PARAMETER WITH
     ITERATION    SCALE REDUCTION      HIGHEST PSR
     100              1.062               22

     Iterations for model estimation

                     POTENTIAL       PARAMETER WITH
     ITERATION    SCALE REDUCTION      HIGHEST PSR
     100              2.326               21
     200              1.454               20
     300              1.989               20
     400              1.568               20
     500              1.065               22


     Beginning Time:  21:08:22
        Ending Time:  21:08:23
       Elapsed Time:  00:00:01



MUTHEN & MUTHEN
3463 Stoner Ave.
Los Angeles, CA  90066

Tel: (310) 391-9971
Fax: (310) 391-8971
Web: www.StatModel.com
Support: Support@StatModel.com

Copyright (c) 1998-2022 Muthen & Muthen
